<?xml version="1.0" encoding="UTF-8"?>
<coverage generated="1669055677532" clover="3.2.0">
  <project timestamp="1669055677533" name="All files">
    <metrics statements="187" coveredstatements="152" conditionals="61" coveredconditionals="32" methods="67" coveredmethods="58" elements="315" coveredelements="242" complexity="0" loc="187" ncloc="187" packages="1" files="5" classes="5"/>
    <file name="Client.js" path="/mnt/nfs/homes/bahaas/42red-tetris/server/Client.js">
      <metrics statements="12" coveredstatements="6" conditionals="2" coveredconditionals="0" methods="7" coveredmethods="1"/>
      <line num="6" count="1" type="stmt"/>
      <line num="7" count="1" type="stmt"/>
      <line num="8" count="1" type="stmt"/>
      <line num="9" count="1" type="stmt"/>
      <line num="10" count="1" type="stmt"/>
      <line num="14" count="0" type="stmt"/>
      <line num="18" count="0" type="stmt"/>
      <line num="22" count="0" type="stmt"/>
      <line num="26" count="0" type="stmt"/>
      <line num="30" count="0" type="stmt"/>
      <line num="34" count="0" type="cond" truecount="0" falsecount="2"/>
      <line num="38" count="1" type="stmt"/>
    </file>
    <file name="Game.js" path="/mnt/nfs/homes/bahaas/42red-tetris/server/Game.js">
      <metrics statements="129" coveredstatements="105" conditionals="55" coveredconditionals="31" methods="38" coveredmethods="38"/>
      <line num="2" count="2" type="stmt"/>
      <line num="8" count="4" type="stmt"/>
      <line num="9" count="4" type="stmt"/>
      <line num="10" count="4" type="stmt"/>
      <line num="11" count="4" type="stmt"/>
      <line num="12" count="4" type="stmt"/>
      <line num="13" count="4" type="stmt"/>
      <line num="14" count="4" type="stmt"/>
      <line num="15" count="4" type="stmt"/>
      <line num="16" count="4" type="stmt"/>
      <line num="17" count="4" type="stmt"/>
      <line num="18" count="4" type="stmt"/>
      <line num="19" count="4" type="stmt"/>
      <line num="20" count="4" type="stmt"/>
      <line num="21" count="4" type="stmt"/>
      <line num="26" count="1" type="stmt"/>
      <line num="32" count="1" type="stmt"/>
      <line num="33" count="1" type="stmt"/>
      <line num="38" count="3" type="stmt"/>
      <line num="39" count="3" type="stmt"/>
      <line num="42" count="3" type="stmt"/>
      <line num="43" count="48" type="cond" truecount="1" falsecount="1"/>
      <line num="46" count="3" type="stmt"/>
      <line num="47" count="9" type="stmt"/>
      <line num="48" count="27" type="cond" truecount="2" falsecount="0"/>
      <line num="49" count="12" type="stmt"/>
      <line num="56" count="3" type="stmt"/>
      <line num="63" count="1" type="stmt"/>
      <line num="64" count="1" type="cond" truecount="1" falsecount="1"/>
      <line num="66" count="0" type="stmt"/>
      <line num="67" count="0" type="stmt"/>
      <line num="70" count="1" type="stmt"/>
      <line num="73" count="1" type="stmt"/>
      <line num="74" count="1" type="stmt"/>
      <line num="75" count="1" type="stmt"/>
      <line num="80" count="4" type="stmt"/>
      <line num="81" count="4" type="stmt"/>
      <line num="82" count="4" type="stmt"/>
      <line num="83" count="4" type="stmt"/>
      <line num="84" count="4" type="stmt"/>
      <line num="85" count="4" type="stmt"/>
      <line num="86" count="4" type="stmt"/>
      <line num="87" count="4" type="stmt"/>
      <line num="88" count="4" type="stmt"/>
      <line num="89" count="4" type="stmt"/>
      <line num="90" count="4" type="stmt"/>
      <line num="91" count="4" type="stmt"/>
      <line num="96" count="3" type="stmt"/>
      <line num="97" count="720" type="cond" truecount="1" falsecount="1"/>
      <line num="100" count="3" type="stmt"/>
      <line num="101" count="9" type="stmt"/>
      <line num="102" count="27" type="cond" truecount="2" falsecount="0"/>
      <line num="103" count="12" type="stmt"/>
      <line num="110" count="3" type="stmt"/>
      <line num="114" count="3" type="stmt"/>
      <line num="115" count="9" type="stmt"/>
      <line num="117" count="27" type="cond" truecount="2" falsecount="0"/>
      <line num="118" count="12" type="cond" truecount="1" falsecount="1"/>
      <line num="128" count="0" type="stmt"/>
      <line num="136" count="2" type="stmt"/>
      <line num="137" count="2" type="stmt"/>
      <line num="138" count="2" type="stmt"/>
      <line num="139" count="2" type="stmt"/>
      <line num="140" count="2" type="stmt"/>
      <line num="145" count="1" type="stmt"/>
      <line num="146" count="1" type="cond" truecount="1" falsecount="1"/>
      <line num="147" count="1" type="stmt"/>
      <line num="149" count="0" type="cond" truecount="0" falsecount="2"/>
      <line num="150" count="0" type="stmt"/>
      <line num="151" count="0" type="stmt"/>
      <line num="153" count="0" type="stmt"/>
      <line num="154" count="0" type="stmt"/>
      <line num="160" count="1" type="stmt"/>
      <line num="161" count="1" type="stmt"/>
      <line num="162" count="20" type="cond" truecount="1" falsecount="1"/>
      <line num="163" count="0" type="stmt"/>
      <line num="164" count="0" type="stmt"/>
      <line num="165" count="0" type="stmt"/>
      <line num="169" count="1" type="stmt"/>
      <line num="170" count="1" type="stmt"/>
      <line num="172" count="1" type="cond" truecount="1" falsecount="1"/>
      <line num="173" count="0" type="stmt"/>
      <line num="175" count="1" type="stmt"/>
      <line num="180" count="3" type="stmt"/>
      <line num="182" count="3" type="stmt"/>
      <line num="183" count="720" type="cond" truecount="1" falsecount="1"/>
      <line num="186" count="3" type="stmt"/>
      <line num="187" count="9" type="stmt"/>
      <line num="188" count="27" type="cond" truecount="2" falsecount="0"/>
      <line num="189" count="12" type="stmt"/>
      <line num="197" count="3" type="cond" truecount="1" falsecount="1"/>
      <line num="198" count="0" type="stmt"/>
      <line num="199" count="0" type="stmt"/>
      <line num="200" count="0" type="stmt"/>
      <line num="202" count="3" type="stmt"/>
      <line num="206" count="8" type="stmt"/>
      <line num="211" count="9" type="stmt"/>
      <line num="216" count="192" type="stmt"/>
      <line num="222" count="1" type="stmt"/>
      <line num="226" count="1" type="cond" truecount="1" falsecount="1"/>
      <line num="227" count="1" type="stmt"/>
      <line num="233" count="1" type="stmt"/>
      <line num="234" count="9" type="stmt"/>
      <line num="237" count="3" type="cond" truecount="1" falsecount="1"/>
      <line num="238" count="0" type="stmt"/>
      <line num="242" count="1" type="stmt"/>
      <line num="243" count="1" type="stmt"/>
      <line num="244" count="1" type="stmt"/>
      <line num="245" count="1" type="stmt"/>
      <line num="246" count="1" type="stmt"/>
      <line num="247" count="0" type="stmt"/>
      <line num="248" count="0" type="cond" truecount="0" falsecount="2"/>
      <line num="249" count="0" type="cond" truecount="0" falsecount="2"/>
      <line num="250" count="0" type="stmt"/>
      <line num="251" count="0" type="stmt"/>
      <line num="252" count="0" type="stmt"/>
      <line num="255" count="1" type="stmt"/>
      <line num="256" count="1" type="stmt"/>
      <line num="261" count="2" type="stmt"/>
      <line num="262" count="2" type="cond" truecount="1" falsecount="1"/>
      <line num="263" count="2" type="cond" truecount="2" falsecount="0"/>
      <line num="264" count="1" type="stmt"/>
      <line num="265" count="1" type="cond" truecount="1" falsecount="1"/>
      <line num="266" count="0" type="stmt"/>
      <line num="267" count="1" type="cond" truecount="1" falsecount="1"/>
      <line num="268" count="0" type="stmt"/>
      <line num="269" count="1" type="cond" truecount="1" falsecount="1"/>
      <line num="270" count="1" type="stmt"/>
      <line num="276" count="2" type="stmt"/>
    </file>
    <file name="Room.js" path="/mnt/nfs/homes/bahaas/42red-tetris/server/Room.js">
      <metrics statements="31" coveredstatements="30" conditionals="2" coveredconditionals="1" methods="19" coveredmethods="17"/>
      <line num="1" count="2" type="stmt"/>
      <line num="2" count="2" type="stmt"/>
      <line num="8" count="1" type="stmt"/>
      <line num="9" count="1" type="stmt"/>
      <line num="10" count="1" type="stmt"/>
      <line num="11" count="1" type="stmt"/>
      <line num="12" count="1" type="stmt"/>
      <line num="17" count="50" type="stmt"/>
      <line num="22" count="3" type="stmt"/>
      <line num="23" count="3" type="stmt"/>
      <line num="24" count="3" type="stmt"/>
      <line num="25" count="3" type="stmt"/>
      <line num="30" count="1" type="stmt"/>
      <line num="31" count="1" type="stmt"/>
      <line num="36" count="1" type="stmt"/>
      <line num="37" count="3" type="stmt"/>
      <line num="43" count="1" type="stmt"/>
      <line num="48" count="1" type="cond" truecount="1" falsecount="1"/>
      <line num="53" count="1" type="stmt"/>
      <line num="54" count="1" type="stmt"/>
      <line num="59" count="0" type="stmt"/>
      <line num="64" count="1" type="stmt"/>
      <line num="69" count="1" type="stmt"/>
      <line num="70" count="3" type="stmt"/>
      <line num="76" count="1" type="stmt"/>
      <line num="77" count="3" type="stmt"/>
      <line num="80" count="1" type="stmt"/>
      <line num="81" count="3" type="stmt"/>
      <line num="83" count="1" type="stmt"/>
      <line num="88" count="1" type="stmt"/>
      <line num="93" count="2" type="stmt"/>
    </file>
    <file name="helpers.js" path="/mnt/nfs/homes/bahaas/42red-tetris/server/helpers.js">
      <metrics statements="7" coveredstatements="3" conditionals="2" coveredconditionals="0" methods="2" coveredmethods="1"/>
      <line num="1" count="1" type="stmt"/>
      <line num="5" count="0" type="stmt"/>
      <line num="6" count="0" type="stmt"/>
      <line num="7" count="0" type="stmt"/>
      <line num="9" count="0" type="stmt"/>
      <line num="14" count="1" type="stmt"/>
      <line num="22" count="1" type="stmt"/>
    </file>
    <file name="tetrominos.js" path="/mnt/nfs/homes/bahaas/42red-tetris/server/tetrominos.js">
      <metrics statements="8" coveredstatements="8" conditionals="0" coveredconditionals="0" methods="1" coveredmethods="1"/>
      <line num="1" count="2" type="stmt"/>
      <line num="2" count="2" type="stmt"/>
      <line num="4" count="2" type="stmt"/>
      <line num="71" count="2" type="stmt"/>
      <line num="72" count="100" type="stmt"/>
      <line num="74" count="100" type="stmt"/>
      <line num="75" count="100" type="stmt"/>
      <line num="78" count="2" type="stmt"/>
    </file>
  </project>
</coverage>
