{"/mnt/nfs/homes/bahaas/42red-tetris/server/Client.js": {"path":"/mnt/nfs/homes/bahaas/42red-tetris/server/Client.js","statementMap":{"0":{"start":{"line":6,"column":6},"end":{"line":6,"column":27}},"1":{"start":{"line":7,"column":6},"end":{"line":7,"column":23}},"2":{"start":{"line":8,"column":6},"end":{"line":8,"column":23}},"3":{"start":{"line":9,"column":6},"end":{"line":9,"column":31}},"4":{"start":{"line":10,"column":6},"end":{"line":10,"column":25}},"5":{"start":{"line":14,"column":6},"end":{"line":14,"column":23}},"6":{"start":{"line":18,"column":6},"end":{"line":18,"column":24}},"7":{"start":{"line":22,"column":6},"end":{"line":22,"column":25}},"8":{"start":{"line":26,"column":6},"end":{"line":26,"column":31}},"9":{"start":{"line":30,"column":6},"end":{"line":30,"column":30}},"10":{"start":{"line":34,"column":8},"end":{"line":34,"column":57}},"11":{"start":{"line":38,"column":0},"end":{"line":38,"column":24}}},"fnMap":{"0":{"name":"(anonymous_0)","decl":{"start":{"line":4,"column":4},"end":{"line":4,"column":5}},"loc":{"start":{"line":5,"column":4},"end":{"line":11,"column":5}},"line":5},"1":{"name":"(anonymous_1)","decl":{"start":{"line":13,"column":4},"end":{"line":13,"column":5}},"loc":{"start":{"line":13,"column":18},"end":{"line":15,"column":5}},"line":13},"2":{"name":"(anonymous_2)","decl":{"start":{"line":17,"column":4},"end":{"line":17,"column":5}},"loc":{"start":{"line":17,"column":15},"end":{"line":19,"column":5}},"line":17},"3":{"name":"(anonymous_3)","decl":{"start":{"line":21,"column":4},"end":{"line":21,"column":5}},"loc":{"start":{"line":21,"column":17},"end":{"line":23,"column":5}},"line":21},"4":{"name":"(anonymous_4)","decl":{"start":{"line":25,"column":4},"end":{"line":25,"column":5}},"loc":{"start":{"line":25,"column":17},"end":{"line":27,"column":5}},"line":25},"5":{"name":"(anonymous_5)","decl":{"start":{"line":29,"column":4},"end":{"line":29,"column":5}},"loc":{"start":{"line":29,"column":15},"end":{"line":31,"column":5}},"line":29},"6":{"name":"(anonymous_6)","decl":{"start":{"line":33,"column":4},"end":{"line":33,"column":5}},"loc":{"start":{"line":33,"column":14},"end":{"line":35,"column":5}},"line":33}},"branchMap":{"0":{"loc":{"start":{"line":34,"column":15},"end":{"line":34,"column":55}},"type":"cond-expr","locations":[{"start":{"line":34,"column":43},"end":{"line":34,"column":47}},{"start":{"line":34,"column":50},"end":{"line":34,"column":55}}],"line":34}},"s":{"0":3,"1":3,"2":3,"3":3,"4":3,"5":1,"6":1,"7":1,"8":1,"9":3,"10":2,"11":3},"f":{"0":3,"1":1,"2":1,"3":1,"4":1,"5":3,"6":2},"b":{"0":[1,1]},"_coverageSchema":"1a1c01bbd47fc00a2c39e90264f33305004495a9","hash":"c2271dc72bdc3661875363ec0f90aaf46dc7ee78"}
,"/mnt/nfs/homes/bahaas/42red-tetris/server/Game.js": {"path":"/mnt/nfs/homes/bahaas/42red-tetris/server/Game.js","statementMap":{"0":{"start":{"line":2,"column":19},"end":{"line":2,"column":42}},"1":{"start":{"line":8,"column":8},"end":{"line":8,"column":28}},"2":{"start":{"line":9,"column":8},"end":{"line":9,"column":31}},"3":{"start":{"line":10,"column":8},"end":{"line":10,"column":46}},"4":{"start":{"line":11,"column":8},"end":{"line":11,"column":30}},"5":{"start":{"line":12,"column":8},"end":{"line":12,"column":23}},"6":{"start":{"line":13,"column":8},"end":{"line":13,"column":22}},"7":{"start":{"line":14,"column":8},"end":{"line":14,"column":23}},"8":{"start":{"line":15,"column":8},"end":{"line":15,"column":43}},"9":{"start":{"line":16,"column":8},"end":{"line":16,"column":47}},"10":{"start":{"line":17,"column":8},"end":{"line":17,"column":19}},"11":{"start":{"line":18,"column":8},"end":{"line":18,"column":40}},"12":{"start":{"line":19,"column":8},"end":{"line":19,"column":48}},"13":{"start":{"line":20,"column":8},"end":{"line":20,"column":34}},"14":{"start":{"line":21,"column":8},"end":{"line":21,"column":25}},"15":{"start":{"line":26,"column":8},"end":{"line":26,"column":24}},"16":{"start":{"line":32,"column":8},"end":{"line":32,"column":32}},"17":{"start":{"line":33,"column":8},"end":{"line":33,"column":29}},"18":{"start":{"line":38,"column":8},"end":{"line":38,"column":43}},"19":{"start":{"line":39,"column":27},"end":{"line":39,"column":103}},"20":{"start":{"line":42,"column":25},"end":{"line":44,"column":9}},"21":{"start":{"line":43,"column":12},"end":{"line":43,"column":72}},"22":{"start":{"line":43,"column":29},"end":{"line":43,"column":70}},"23":{"start":{"line":46,"column":8},"end":{"line":55,"column":11}},"24":{"start":{"line":47,"column":12},"end":{"line":54,"column":15}},"25":{"start":{"line":48,"column":16},"end":{"line":53,"column":17}},"26":{"start":{"line":49,"column":20},"end":{"line":52,"column":22}},"27":{"start":{"line":56,"column":8},"end":{"line":56,"column":34}},"28":{"start":{"line":63,"column":8},"end":{"line":63,"column":20}},"29":{"start":{"line":64,"column":8},"end":{"line":70,"column":56}},"30":{"start":{"line":66,"column":12},"end":{"line":66,"column":23}},"31":{"start":{"line":67,"column":12},"end":{"line":67,"column":51}},"32":{"start":{"line":70,"column":12},"end":{"line":70,"column":56}},"33":{"start":{"line":73,"column":8},"end":{"line":73,"column":53}},"34":{"start":{"line":74,"column":8},"end":{"line":74,"column":50}},"35":{"start":{"line":75,"column":8},"end":{"line":75,"column":37}},"36":{"start":{"line":80,"column":8},"end":{"line":80,"column":28}},"37":{"start":{"line":81,"column":8},"end":{"line":81,"column":46}},"38":{"start":{"line":82,"column":8},"end":{"line":82,"column":30}},"39":{"start":{"line":83,"column":8},"end":{"line":83,"column":23}},"40":{"start":{"line":84,"column":8},"end":{"line":84,"column":22}},"41":{"start":{"line":85,"column":8},"end":{"line":85,"column":23}},"42":{"start":{"line":86,"column":8},"end":{"line":86,"column":47}},"43":{"start":{"line":87,"column":8},"end":{"line":87,"column":19}},"44":{"start":{"line":88,"column":8},"end":{"line":88,"column":40}},"45":{"start":{"line":89,"column":8},"end":{"line":89,"column":48}},"46":{"start":{"line":90,"column":8},"end":{"line":90,"column":34}},"47":{"start":{"line":91,"column":8},"end":{"line":91,"column":25}},"48":{"start":{"line":96,"column":25},"end":{"line":98,"column":9}},"49":{"start":{"line":97,"column":12},"end":{"line":97,"column":72}},"50":{"start":{"line":97,"column":29},"end":{"line":97,"column":70}},"51":{"start":{"line":100,"column":8},"end":{"line":109,"column":11}},"52":{"start":{"line":101,"column":12},"end":{"line":108,"column":15}},"53":{"start":{"line":102,"column":16},"end":{"line":107,"column":17}},"54":{"start":{"line":103,"column":20},"end":{"line":106,"column":22}},"55":{"start":{"line":110,"column":8},"end":{"line":110,"column":30}},"56":{"start":{"line":114,"column":8},"end":{"line":132,"column":9}},"57":{"start":{"line":114,"column":21},"end":{"line":114,"column":22}},"58":{"start":{"line":115,"column":12},"end":{"line":131,"column":13}},"59":{"start":{"line":115,"column":25},"end":{"line":115,"column":26}},"60":{"start":{"line":117,"column":16},"end":{"line":130,"column":17}},"61":{"start":{"line":118,"column":20},"end":{"line":129,"column":21}},"62":{"start":{"line":128,"column":24},"end":{"line":128,"column":36}},"63":{"start":{"line":136,"column":8},"end":{"line":136,"column":58}},"64":{"start":{"line":137,"column":8},"end":{"line":137,"column":40}},"65":{"start":{"line":138,"column":8},"end":{"line":138,"column":31}},"66":{"start":{"line":139,"column":8},"end":{"line":139,"column":31}},"67":{"start":{"line":140,"column":8},"end":{"line":140,"column":27}},"68":{"start":{"line":145,"column":8},"end":{"line":145,"column":32}},"69":{"start":{"line":146,"column":8},"end":{"line":155,"column":9}},"70":{"start":{"line":147,"column":12},"end":{"line":147,"column":66}},"71":{"start":{"line":149,"column":12},"end":{"line":152,"column":13}},"72":{"start":{"line":150,"column":16},"end":{"line":150,"column":28}},"73":{"start":{"line":151,"column":16},"end":{"line":151,"column":24}},"74":{"start":{"line":153,"column":12},"end":{"line":153,"column":40}},"75":{"start":{"line":154,"column":12},"end":{"line":154,"column":65}},"76":{"start":{"line":160,"column":26},"end":{"line":160,"column":27}},"77":{"start":{"line":161,"column":8},"end":{"line":168,"column":10}},"78":{"start":{"line":162,"column":12},"end":{"line":166,"column":13}},"79":{"start":{"line":162,"column":39},"end":{"line":162,"column":52}},"80":{"start":{"line":163,"column":16},"end":{"line":163,"column":39}},"81":{"start":{"line":164,"column":16},"end":{"line":164,"column":33}},"82":{"start":{"line":165,"column":16},"end":{"line":165,"column":81}},"83":{"start":{"line":169,"column":8},"end":{"line":169,"column":40}},"84":{"start":{"line":170,"column":8},"end":{"line":170,"column":33}},"85":{"start":{"line":172,"column":8},"end":{"line":173,"column":28}},"86":{"start":{"line":173,"column":12},"end":{"line":173,"column":28}},"87":{"start":{"line":175,"column":8},"end":{"line":175,"column":23}},"88":{"start":{"line":180,"column":8},"end":{"line":180,"column":57}},"89":{"start":{"line":182,"column":25},"end":{"line":184,"column":9}},"90":{"start":{"line":183,"column":12},"end":{"line":183,"column":72}},"91":{"start":{"line":183,"column":29},"end":{"line":183,"column":70}},"92":{"start":{"line":186,"column":8},"end":{"line":195,"column":11}},"93":{"start":{"line":187,"column":12},"end":{"line":194,"column":15}},"94":{"start":{"line":188,"column":16},"end":{"line":193,"column":17}},"95":{"start":{"line":189,"column":20},"end":{"line":192,"column":22}},"96":{"start":{"line":197,"column":8},"end":{"line":201,"column":9}},"97":{"start":{"line":198,"column":12},"end":{"line":198,"column":31}},"98":{"start":{"line":199,"column":12},"end":{"line":199,"column":29}},"99":{"start":{"line":200,"column":12},"end":{"line":200,"column":50}},"100":{"start":{"line":202,"column":8},"end":{"line":202,"column":30}},"101":{"start":{"line":206,"column":8},"end":{"line":206,"column":94}},"102":{"start":{"line":211,"column":8},"end":{"line":211,"column":39}},"103":{"start":{"line":216,"column":8},"end":{"line":216,"column":76}},"104":{"start":{"line":216,"column":42},"end":{"line":216,"column":73}},"105":{"start":{"line":222,"column":8},"end":{"line":222,"column":27}},"106":{"start":{"line":226,"column":8},"end":{"line":228,"column":9}},"107":{"start":{"line":227,"column":12},"end":{"line":227,"column":51}},"108":{"start":{"line":233,"column":29},"end":{"line":235,"column":9}},"109":{"start":{"line":234,"column":12},"end":{"line":234,"column":41}},"110":{"start":{"line":234,"column":30},"end":{"line":234,"column":40}},"111":{"start":{"line":237,"column":8},"end":{"line":237,"column":67}},"112":{"start":{"line":237,"column":21},"end":{"line":237,"column":67}},"113":{"start":{"line":237,"column":52},"end":{"line":237,"column":65}},"114":{"start":{"line":238,"column":8},"end":{"line":238,"column":38}},"115":{"start":{"line":242,"column":29},"end":{"line":242,"column":40}},"116":{"start":{"line":243,"column":8},"end":{"line":243,"column":74}},"117":{"start":{"line":244,"column":20},"end":{"line":244,"column":38}},"118":{"start":{"line":245,"column":21},"end":{"line":245,"column":22}},"119":{"start":{"line":246,"column":8},"end":{"line":254,"column":9}},"120":{"start":{"line":247,"column":12},"end":{"line":247,"column":41}},"121":{"start":{"line":248,"column":12},"end":{"line":248,"column":55}},"122":{"start":{"line":249,"column":12},"end":{"line":253,"column":13}},"123":{"start":{"line":250,"column":16},"end":{"line":250,"column":58}},"124":{"start":{"line":251,"column":16},"end":{"line":251,"column":41}},"125":{"start":{"line":252,"column":16},"end":{"line":252,"column":23}},"126":{"start":{"line":255,"column":8},"end":{"line":255,"column":35}},"127":{"start":{"line":256,"column":8},"end":{"line":256,"column":27}},"128":{"start":{"line":261,"column":8},"end":{"line":261,"column":31}},"129":{"start":{"line":262,"column":8},"end":{"line":272,"column":9}},"130":{"start":{"line":263,"column":12},"end":{"line":271,"column":13}},"131":{"start":{"line":264,"column":16},"end":{"line":264,"column":36}},"132":{"start":{"line":265,"column":19},"end":{"line":271,"column":13}},"133":{"start":{"line":266,"column":16},"end":{"line":266,"column":35}},"134":{"start":{"line":267,"column":19},"end":{"line":271,"column":13}},"135":{"start":{"line":268,"column":16},"end":{"line":268,"column":28}},"136":{"start":{"line":269,"column":19},"end":{"line":271,"column":13}},"137":{"start":{"line":270,"column":16},"end":{"line":270,"column":49}},"138":{"start":{"line":276,"column":0},"end":{"line":276,"column":22}}},"fnMap":{"0":{"name":"(anonymous_0)","decl":{"start":{"line":6,"column":4},"end":{"line":6,"column":5}},"loc":{"start":{"line":7,"column":4},"end":{"line":22,"column":5}},"line":7},"1":{"name":"(anonymous_1)","decl":{"start":{"line":25,"column":4},"end":{"line":25,"column":5}},"loc":{"start":{"line":25,"column":13},"end":{"line":27,"column":5}},"line":25},"2":{"name":"(anonymous_2)","decl":{"start":{"line":30,"column":4},"end":{"line":30,"column":5}},"loc":{"start":{"line":31,"column":4},"end":{"line":34,"column":5}},"line":31},"3":{"name":"(anonymous_3)","decl":{"start":{"line":36,"column":4},"end":{"line":36,"column":5}},"loc":{"start":{"line":36,"column":32},"end":{"line":57,"column":5}},"line":36},"4":{"name":"(anonymous_4)","decl":{"start":{"line":42,"column":44},"end":{"line":42,"column":45}},"loc":{"start":{"line":43,"column":12},"end":{"line":43,"column":72}},"line":43},"5":{"name":"(anonymous_5)","decl":{"start":{"line":43,"column":20},"end":{"line":43,"column":21}},"loc":{"start":{"line":43,"column":29},"end":{"line":43,"column":70}},"line":43},"6":{"name":"(anonymous_6)","decl":{"start":{"line":46,"column":39},"end":{"line":46,"column":40}},"loc":{"start":{"line":46,"column":51},"end":{"line":55,"column":9}},"line":46},"7":{"name":"(anonymous_7)","decl":{"start":{"line":47,"column":24},"end":{"line":47,"column":25}},"loc":{"start":{"line":47,"column":38},"end":{"line":54,"column":13}},"line":47},"8":{"name":"(anonymous_8)","decl":{"start":{"line":60,"column":4},"end":{"line":60,"column":5}},"loc":{"start":{"line":61,"column":4},"end":{"line":76,"column":5}},"line":61},"9":{"name":"(anonymous_9)","decl":{"start":{"line":78,"column":4},"end":{"line":78,"column":5}},"loc":{"start":{"line":79,"column":4},"end":{"line":92,"column":5}},"line":79},"10":{"name":"(anonymous_10)","decl":{"start":{"line":94,"column":4},"end":{"line":94,"column":5}},"loc":{"start":{"line":95,"column":4},"end":{"line":111,"column":5}},"line":95},"11":{"name":"(anonymous_11)","decl":{"start":{"line":96,"column":40},"end":{"line":96,"column":41}},"loc":{"start":{"line":97,"column":12},"end":{"line":97,"column":72}},"line":97},"12":{"name":"(anonymous_12)","decl":{"start":{"line":97,"column":20},"end":{"line":97,"column":21}},"loc":{"start":{"line":97,"column":29},"end":{"line":97,"column":70}},"line":97},"13":{"name":"(anonymous_13)","decl":{"start":{"line":100,"column":38},"end":{"line":100,"column":39}},"loc":{"start":{"line":100,"column":50},"end":{"line":109,"column":9}},"line":100},"14":{"name":"(anonymous_14)","decl":{"start":{"line":101,"column":24},"end":{"line":101,"column":25}},"loc":{"start":{"line":101,"column":38},"end":{"line":108,"column":13}},"line":101},"15":{"name":"(anonymous_15)","decl":{"start":{"line":113,"column":4},"end":{"line":113,"column":5}},"loc":{"start":{"line":113,"column":57},"end":{"line":133,"column":5}},"line":113},"16":{"name":"(anonymous_16)","decl":{"start":{"line":135,"column":4},"end":{"line":135,"column":5}},"loc":{"start":{"line":135,"column":38},"end":{"line":141,"column":5}},"line":135},"17":{"name":"(anonymous_17)","decl":{"start":{"line":143,"column":4},"end":{"line":143,"column":5}},"loc":{"start":{"line":144,"column":4},"end":{"line":156,"column":5}},"line":144},"18":{"name":"(anonymous_18)","decl":{"start":{"line":158,"column":4},"end":{"line":158,"column":5}},"loc":{"start":{"line":159,"column":4},"end":{"line":176,"column":5}},"line":159},"19":{"name":"(anonymous_19)","decl":{"start":{"line":161,"column":25},"end":{"line":161,"column":26}},"loc":{"start":{"line":161,"column":54},"end":{"line":168,"column":9}},"line":161},"20":{"name":"(anonymous_20)","decl":{"start":{"line":162,"column":31},"end":{"line":162,"column":32}},"loc":{"start":{"line":162,"column":39},"end":{"line":162,"column":52}},"line":162},"21":{"name":"(anonymous_21)","decl":{"start":{"line":178,"column":4},"end":{"line":178,"column":5}},"loc":{"start":{"line":179,"column":4},"end":{"line":203,"column":5}},"line":179},"22":{"name":"(anonymous_22)","decl":{"start":{"line":182,"column":40},"end":{"line":182,"column":41}},"loc":{"start":{"line":183,"column":12},"end":{"line":183,"column":72}},"line":183},"23":{"name":"(anonymous_23)","decl":{"start":{"line":183,"column":20},"end":{"line":183,"column":21}},"loc":{"start":{"line":183,"column":29},"end":{"line":183,"column":70}},"line":183},"24":{"name":"(anonymous_24)","decl":{"start":{"line":186,"column":38},"end":{"line":186,"column":39}},"loc":{"start":{"line":186,"column":50},"end":{"line":195,"column":9}},"line":186},"25":{"name":"(anonymous_25)","decl":{"start":{"line":187,"column":24},"end":{"line":187,"column":25}},"loc":{"start":{"line":187,"column":38},"end":{"line":194,"column":13}},"line":187},"26":{"name":"(anonymous_26)","decl":{"start":{"line":205,"column":4},"end":{"line":205,"column":5}},"loc":{"start":{"line":205,"column":17},"end":{"line":207,"column":5}},"line":205},"27":{"name":"(anonymous_27)","decl":{"start":{"line":210,"column":4},"end":{"line":210,"column":5}},"loc":{"start":{"line":210,"column":19},"end":{"line":212,"column":5}},"line":210},"28":{"name":"(anonymous_28)","decl":{"start":{"line":214,"column":4},"end":{"line":214,"column":5}},"loc":{"start":{"line":215,"column":4},"end":{"line":217,"column":5}},"line":215},"29":{"name":"(anonymous_29)","decl":{"start":{"line":216,"column":36},"end":{"line":216,"column":37}},"loc":{"start":{"line":216,"column":42},"end":{"line":216,"column":73}},"line":216},"30":{"name":"(anonymous_30)","decl":{"start":{"line":220,"column":4},"end":{"line":220,"column":5}},"loc":{"start":{"line":221,"column":4},"end":{"line":223,"column":5}},"line":221},"31":{"name":"(anonymous_31)","decl":{"start":{"line":225,"column":4},"end":{"line":225,"column":5}},"loc":{"start":{"line":225,"column":20},"end":{"line":229,"column":5}},"line":225},"32":{"name":"(anonymous_32)","decl":{"start":{"line":231,"column":4},"end":{"line":231,"column":5}},"loc":{"start":{"line":231,"column":24},"end":{"line":239,"column":5}},"line":231},"33":{"name":"(anonymous_33)","decl":{"start":{"line":233,"column":40},"end":{"line":233,"column":41}},"loc":{"start":{"line":234,"column":12},"end":{"line":234,"column":41}},"line":234},"34":{"name":"(anonymous_34)","decl":{"start":{"line":234,"column":23},"end":{"line":234,"column":24}},"loc":{"start":{"line":234,"column":30},"end":{"line":234,"column":40}},"line":234},"35":{"name":"(anonymous_35)","decl":{"start":{"line":237,"column":45},"end":{"line":237,"column":46}},"loc":{"start":{"line":237,"column":52},"end":{"line":237,"column":65}},"line":237},"36":{"name":"(anonymous_36)","decl":{"start":{"line":241,"column":4},"end":{"line":241,"column":5}},"loc":{"start":{"line":241,"column":29},"end":{"line":257,"column":6}},"line":241},"37":{"name":"(anonymous_37)","decl":{"start":{"line":259,"column":4},"end":{"line":259,"column":5}},"loc":{"start":{"line":260,"column":4},"end":{"line":273,"column":5}},"line":260}},"branchMap":{"0":{"loc":{"start":{"line":43,"column":29},"end":{"line":43,"column":70}},"type":"cond-expr","locations":[{"start":{"line":43,"column":51},"end":{"line":43,"column":63}},{"start":{"line":43,"column":66},"end":{"line":43,"column":70}}],"line":43},"1":{"loc":{"start":{"line":48,"column":16},"end":{"line":53,"column":17}},"type":"if","locations":[{"start":{"line":48,"column":16},"end":{"line":53,"column":17}},{"start":{},"end":{}}],"line":48},"2":{"loc":{"start":{"line":51,"column":27},"end":{"line":51,"column":69}},"type":"cond-expr","locations":[{"start":{"line":51,"column":51},"end":{"line":51,"column":59}},{"start":{"line":51,"column":62},"end":{"line":51,"column":69}}],"line":51},"3":{"loc":{"start":{"line":64,"column":8},"end":{"line":70,"column":56}},"type":"if","locations":[{"start":{"line":64,"column":8},"end":{"line":70,"column":56}},{"start":{"line":70,"column":12},"end":{"line":70,"column":56}}],"line":64},"4":{"loc":{"start":{"line":97,"column":29},"end":{"line":97,"column":70}},"type":"cond-expr","locations":[{"start":{"line":97,"column":51},"end":{"line":97,"column":63}},{"start":{"line":97,"column":66},"end":{"line":97,"column":70}}],"line":97},"5":{"loc":{"start":{"line":102,"column":16},"end":{"line":107,"column":17}},"type":"if","locations":[{"start":{"line":102,"column":16},"end":{"line":107,"column":17}},{"start":{},"end":{}}],"line":102},"6":{"loc":{"start":{"line":105,"column":27},"end":{"line":105,"column":68}},"type":"cond-expr","locations":[{"start":{"line":105,"column":50},"end":{"line":105,"column":58}},{"start":{"line":105,"column":61},"end":{"line":105,"column":68}}],"line":105},"7":{"loc":{"start":{"line":117,"column":16},"end":{"line":130,"column":17}},"type":"if","locations":[{"start":{"line":117,"column":16},"end":{"line":130,"column":17}},{"start":{},"end":{}}],"line":117},"8":{"loc":{"start":{"line":118,"column":20},"end":{"line":129,"column":21}},"type":"if","locations":[{"start":{"line":118,"column":20},"end":{"line":129,"column":21}},{"start":{},"end":{}}],"line":118},"9":{"loc":{"start":{"line":121,"column":24},"end":{"line":126,"column":31}},"type":"binary-expr","locations":[{"start":{"line":121,"column":24},"end":{"line":121,"column":56}},{"start":{"line":123,"column":24},"end":{"line":123,"column":82}},{"start":{"line":125,"column":24},"end":{"line":126,"column":31}}],"line":121},"10":{"loc":{"start":{"line":146,"column":8},"end":{"line":155,"column":9}},"type":"if","locations":[{"start":{"line":146,"column":8},"end":{"line":155,"column":9}},{"start":{"line":148,"column":15},"end":{"line":155,"column":9}}],"line":146},"11":{"loc":{"start":{"line":149,"column":12},"end":{"line":152,"column":13}},"type":"if","locations":[{"start":{"line":149,"column":12},"end":{"line":152,"column":13}},{"start":{},"end":{}}],"line":149},"12":{"loc":{"start":{"line":162,"column":12},"end":{"line":166,"column":13}},"type":"if","locations":[{"start":{"line":162,"column":12},"end":{"line":166,"column":13}},{"start":{},"end":{}}],"line":162},"13":{"loc":{"start":{"line":172,"column":8},"end":{"line":173,"column":28}},"type":"if","locations":[{"start":{"line":172,"column":8},"end":{"line":173,"column":28}},{"start":{},"end":{}}],"line":172},"14":{"loc":{"start":{"line":183,"column":29},"end":{"line":183,"column":70}},"type":"cond-expr","locations":[{"start":{"line":183,"column":51},"end":{"line":183,"column":63}},{"start":{"line":183,"column":66},"end":{"line":183,"column":70}}],"line":183},"15":{"loc":{"start":{"line":188,"column":16},"end":{"line":193,"column":17}},"type":"if","locations":[{"start":{"line":188,"column":16},"end":{"line":193,"column":17}},{"start":{},"end":{}}],"line":188},"16":{"loc":{"start":{"line":191,"column":27},"end":{"line":191,"column":68}},"type":"cond-expr","locations":[{"start":{"line":191,"column":50},"end":{"line":191,"column":58}},{"start":{"line":191,"column":61},"end":{"line":191,"column":68}}],"line":191},"17":{"loc":{"start":{"line":197,"column":8},"end":{"line":201,"column":9}},"type":"if","locations":[{"start":{"line":197,"column":8},"end":{"line":201,"column":9}},{"start":{},"end":{}}],"line":197},"18":{"loc":{"start":{"line":226,"column":8},"end":{"line":228,"column":9}},"type":"if","locations":[{"start":{"line":226,"column":8},"end":{"line":228,"column":9}},{"start":{},"end":{}}],"line":226},"19":{"loc":{"start":{"line":237,"column":8},"end":{"line":237,"column":67}},"type":"if","locations":[{"start":{"line":237,"column":8},"end":{"line":237,"column":67}},{"start":{},"end":{}}],"line":237},"20":{"loc":{"start":{"line":248,"column":33},"end":{"line":248,"column":52}},"type":"cond-expr","locations":[{"start":{"line":248,"column":46},"end":{"line":248,"column":47}},{"start":{"line":248,"column":50},"end":{"line":248,"column":52}}],"line":248},"21":{"loc":{"start":{"line":249,"column":12},"end":{"line":253,"column":13}},"type":"if","locations":[{"start":{"line":249,"column":12},"end":{"line":253,"column":13}},{"start":{},"end":{}}],"line":249},"22":{"loc":{"start":{"line":262,"column":8},"end":{"line":272,"column":9}},"type":"if","locations":[{"start":{"line":262,"column":8},"end":{"line":272,"column":9}},{"start":{},"end":{}}],"line":262},"23":{"loc":{"start":{"line":263,"column":12},"end":{"line":271,"column":13}},"type":"if","locations":[{"start":{"line":263,"column":12},"end":{"line":271,"column":13}},{"start":{"line":265,"column":19},"end":{"line":271,"column":13}}],"line":263},"24":{"loc":{"start":{"line":265,"column":19},"end":{"line":271,"column":13}},"type":"if","locations":[{"start":{"line":265,"column":19},"end":{"line":271,"column":13}},{"start":{"line":267,"column":19},"end":{"line":271,"column":13}}],"line":265},"25":{"loc":{"start":{"line":267,"column":19},"end":{"line":271,"column":13}},"type":"if","locations":[{"start":{"line":267,"column":19},"end":{"line":271,"column":13}},{"start":{"line":269,"column":19},"end":{"line":271,"column":13}}],"line":267},"26":{"loc":{"start":{"line":269,"column":19},"end":{"line":271,"column":13}},"type":"if","locations":[{"start":{"line":269,"column":19},"end":{"line":271,"column":13}},{"start":{},"end":{}}],"line":269}},"s":{"0":4,"1":5,"2":5,"3":5,"4":5,"5":5,"6":5,"7":5,"8":5,"9":5,"10":5,"11":5,"12":5,"13":5,"14":5,"15":1,"16":1,"17":1,"18":3,"19":3,"20":3,"21":12,"22":48,"23":3,"24":6,"25":12,"26":12,"27":3,"28":1,"29":1,"30":0,"31":0,"32":1,"33":1,"34":1,"35":1,"36":5,"37":5,"38":5,"39":5,"40":5,"41":5,"42":5,"43":5,"44":5,"45":5,"46":5,"47":5,"48":4,"49":80,"50":960,"51":4,"52":12,"53":36,"54":16,"55":4,"56":3,"57":3,"58":9,"59":9,"60":27,"61":12,"62":0,"63":2,"64":2,"65":2,"66":2,"67":2,"68":1,"69":1,"70":1,"71":0,"72":0,"73":0,"74":0,"75":0,"76":1,"77":1,"78":20,"79":20,"80":0,"81":0,"82":0,"83":1,"84":1,"85":1,"86":0,"87":1,"88":3,"89":3,"90":60,"91":720,"92":3,"93":9,"94":27,"95":12,"96":3,"97":0,"98":0,"99":0,"100":3,"101":10,"102":11,"103":20,"104":240,"105":1,"106":1,"107":1,"108":1,"109":3,"110":9,"111":1,"112":1,"113":3,"114":0,"115":1,"116":1,"117":1,"118":1,"119":1,"120":0,"121":0,"122":0,"123":0,"124":0,"125":0,"126":1,"127":1,"128":2,"129":2,"130":2,"131":1,"132":1,"133":0,"134":1,"135":0,"136":1,"137":1,"138":4},"f":{"0":5,"1":1,"2":1,"3":3,"4":12,"5":48,"6":6,"7":12,"8":1,"9":5,"10":4,"11":80,"12":960,"13":12,"14":36,"15":3,"16":2,"17":1,"18":1,"19":20,"20":20,"21":3,"22":60,"23":720,"24":9,"25":27,"26":10,"27":11,"28":20,"29":240,"30":1,"31":1,"32":1,"33":3,"34":9,"35":3,"36":1,"37":2},"b":{"0":[48,0],"1":[12,0],"2":[0,12],"3":[0,1],"4":[960,0],"5":[16,20],"6":[0,16],"7":[12,15],"8":[0,12],"9":[12,12,12],"10":[1,0],"11":[0,0],"12":[0,20],"13":[0,1],"14":[720,0],"15":[12,15],"16":[0,12],"17":[0,3],"18":[1,0],"19":[1,0],"20":[0,0],"21":[0,0],"22":[2,0],"23":[1,1],"24":[0,1],"25":[0,1],"26":[1,0]},"_coverageSchema":"1a1c01bbd47fc00a2c39e90264f33305004495a9","hash":"92620bae0abb2f7e9930f23d52d456d317807914"}
,"/mnt/nfs/homes/bahaas/42red-tetris/server/Room.js": {"path":"/mnt/nfs/homes/bahaas/42red-tetris/server/Room.js","statementMap":{"0":{"start":{"line":1,"column":13},"end":{"line":1,"column":30}},"1":{"start":{"line":2,"column":19},"end":{"line":2,"column":42}},"2":{"start":{"line":8,"column":6},"end":{"line":8,"column":19}},"3":{"start":{"line":9,"column":6},"end":{"line":9,"column":29}},"4":{"start":{"line":10,"column":6},"end":{"line":10,"column":30}},"5":{"start":{"line":11,"column":6},"end":{"line":11,"column":29}},"6":{"start":{"line":12,"column":6},"end":{"line":12,"column":53}},"7":{"start":{"line":17,"column":6},"end":{"line":17,"column":72}},"8":{"start":{"line":17,"column":43},"end":{"line":17,"column":71}},"9":{"start":{"line":22,"column":6},"end":{"line":22,"column":31}},"10":{"start":{"line":23,"column":19},"end":{"line":23,"column":60}},"11":{"start":{"line":24,"column":6},"end":{"line":24,"column":28}},"12":{"start":{"line":25,"column":6},"end":{"line":25,"column":25}},"13":{"start":{"line":30,"column":6},"end":{"line":30,"column":34}},"14":{"start":{"line":31,"column":6},"end":{"line":31,"column":25}},"15":{"start":{"line":36,"column":27},"end":{"line":38,"column":7}},"16":{"start":{"line":37,"column":8},"end":{"line":37,"column":70}},"17":{"start":{"line":37,"column":45},"end":{"line":37,"column":69}},"18":{"start":{"line":43,"column":6},"end":{"line":43,"column":32}},"19":{"start":{"line":48,"column":6},"end":{"line":48,"column":54}},"20":{"start":{"line":53,"column":27},"end":{"line":53,"column":91}},"21":{"start":{"line":54,"column":6},"end":{"line":54,"column":32}},"22":{"start":{"line":59,"column":6},"end":{"line":59,"column":68}},"23":{"start":{"line":59,"column":43},"end":{"line":59,"column":65}},"24":{"start":{"line":64,"column":6},"end":{"line":64,"column":29}},"25":{"start":{"line":69,"column":6},"end":{"line":71,"column":8}},"26":{"start":{"line":70,"column":8},"end":{"line":70,"column":24}},"27":{"start":{"line":76,"column":27},"end":{"line":78,"column":7}},"28":{"start":{"line":77,"column":8},"end":{"line":77,"column":70}},"29":{"start":{"line":77,"column":45},"end":{"line":77,"column":69}},"30":{"start":{"line":80,"column":6},"end":{"line":82,"column":7}},"31":{"start":{"line":81,"column":8},"end":{"line":81,"column":21}},"32":{"start":{"line":83,"column":6},"end":{"line":83,"column":32}},"33":{"start":{"line":88,"column":6},"end":{"line":88,"column":64}},"34":{"start":{"line":88,"column":39},"end":{"line":88,"column":61}},"35":{"start":{"line":93,"column":0},"end":{"line":93,"column":22}}},"fnMap":{"0":{"name":"(anonymous_0)","decl":{"start":{"line":6,"column":4},"end":{"line":6,"column":5}},"loc":{"start":{"line":7,"column":4},"end":{"line":13,"column":5}},"line":7},"1":{"name":"(anonymous_1)","decl":{"start":{"line":15,"column":4},"end":{"line":15,"column":5}},"loc":{"start":{"line":16,"column":4},"end":{"line":18,"column":5}},"line":16},"2":{"name":"(anonymous_2)","decl":{"start":{"line":17,"column":37},"end":{"line":17,"column":38}},"loc":{"start":{"line":17,"column":43},"end":{"line":17,"column":71}},"line":17},"3":{"name":"(anonymous_3)","decl":{"start":{"line":20,"column":4},"end":{"line":20,"column":5}},"loc":{"start":{"line":21,"column":4},"end":{"line":26,"column":5}},"line":21},"4":{"name":"(anonymous_4)","decl":{"start":{"line":28,"column":4},"end":{"line":28,"column":5}},"loc":{"start":{"line":29,"column":4},"end":{"line":32,"column":5}},"line":29},"5":{"name":"(anonymous_5)","decl":{"start":{"line":34,"column":4},"end":{"line":34,"column":5}},"loc":{"start":{"line":35,"column":4},"end":{"line":44,"column":5}},"line":35},"6":{"name":"(anonymous_6)","decl":{"start":{"line":36,"column":45},"end":{"line":36,"column":46}},"loc":{"start":{"line":37,"column":8},"end":{"line":37,"column":70}},"line":37},"7":{"name":"(anonymous_7)","decl":{"start":{"line":37,"column":31},"end":{"line":37,"column":32}},"loc":{"start":{"line":37,"column":45},"end":{"line":37,"column":69}},"line":37},"8":{"name":"(anonymous_8)","decl":{"start":{"line":46,"column":4},"end":{"line":46,"column":5}},"loc":{"start":{"line":47,"column":4},"end":{"line":49,"column":5}},"line":47},"9":{"name":"(anonymous_9)","decl":{"start":{"line":51,"column":4},"end":{"line":51,"column":5}},"loc":{"start":{"line":52,"column":4},"end":{"line":55,"column":5}},"line":52},"10":{"name":"(anonymous_10)","decl":{"start":{"line":57,"column":4},"end":{"line":57,"column":5}},"loc":{"start":{"line":58,"column":4},"end":{"line":60,"column":5}},"line":58},"11":{"name":"(anonymous_11)","decl":{"start":{"line":59,"column":38},"end":{"line":59,"column":39}},"loc":{"start":{"line":59,"column":43},"end":{"line":59,"column":65}},"line":59},"12":{"name":"(anonymous_12)","decl":{"start":{"line":62,"column":4},"end":{"line":62,"column":5}},"loc":{"start":{"line":63,"column":4},"end":{"line":72,"column":5}},"line":63},"13":{"name":"(anonymous_13)","decl":{"start":{"line":69,"column":25},"end":{"line":69,"column":26}},"loc":{"start":{"line":69,"column":33},"end":{"line":71,"column":7}},"line":69},"14":{"name":"(anonymous_14)","decl":{"start":{"line":74,"column":4},"end":{"line":74,"column":5}},"loc":{"start":{"line":75,"column":4},"end":{"line":84,"column":5}},"line":75},"15":{"name":"(anonymous_15)","decl":{"start":{"line":76,"column":45},"end":{"line":76,"column":46}},"loc":{"start":{"line":77,"column":8},"end":{"line":77,"column":70}},"line":77},"16":{"name":"(anonymous_16)","decl":{"start":{"line":77,"column":31},"end":{"line":77,"column":32}},"loc":{"start":{"line":77,"column":45},"end":{"line":77,"column":69}},"line":77},"17":{"name":"(anonymous_17)","decl":{"start":{"line":86,"column":4},"end":{"line":86,"column":5}},"loc":{"start":{"line":87,"column":4},"end":{"line":89,"column":5}},"line":87},"18":{"name":"(anonymous_18)","decl":{"start":{"line":88,"column":31},"end":{"line":88,"column":32}},"loc":{"start":{"line":88,"column":39},"end":{"line":88,"column":61}},"line":88}},"branchMap":{"0":{"loc":{"start":{"line":48,"column":14},"end":{"line":48,"column":52}},"type":"cond-expr","locations":[{"start":{"line":48,"column":40},"end":{"line":48,"column":44}},{"start":{"line":48,"column":47},"end":{"line":48,"column":52}}],"line":48}},"s":{"0":4,"1":4,"2":2,"3":2,"4":2,"5":2,"6":2,"7":2,"8":100,"9":4,"10":4,"11":4,"12":4,"13":1,"14":1,"15":1,"16":4,"17":4,"18":1,"19":3,"20":1,"21":1,"22":1,"23":1,"24":1,"25":1,"26":4,"27":1,"28":4,"29":4,"30":1,"31":4,"32":1,"33":1,"34":1,"35":4},"f":{"0":2,"1":2,"2":100,"3":4,"4":1,"5":1,"6":4,"7":4,"8":3,"9":1,"10":1,"11":1,"12":1,"13":4,"14":1,"15":4,"16":4,"17":1,"18":1},"b":{"0":[2,1]},"_coverageSchema":"1a1c01bbd47fc00a2c39e90264f33305004495a9","hash":"c5f76dce84456c79695b8d67d59e7cc994cfbd16"}
,"/mnt/nfs/homes/bahaas/42red-tetris/server/chatHandler.js": {"path":"/mnt/nfs/homes/bahaas/42red-tetris/server/chatHandler.js","statementMap":{"0":{"start":{"line":1,"column":0},"end":{"line":6,"column":1}},"1":{"start":{"line":3,"column":4},"end":{"line":5,"column":7}},"2":{"start":{"line":4,"column":8},"end":{"line":4,"column":53}}},"fnMap":{"0":{"name":"(anonymous_0)","decl":{"start":{"line":1,"column":17},"end":{"line":1,"column":18}},"loc":{"start":{"line":1,"column":39},"end":{"line":6,"column":1}},"line":1},"1":{"name":"(anonymous_1)","decl":{"start":{"line":3,"column":28},"end":{"line":3,"column":29}},"loc":{"start":{"line":3,"column":38},"end":{"line":5,"column":5}},"line":3}},"branchMap":{},"s":{"0":1,"1":1,"2":0},"f":{"0":1,"1":0},"b":{},"_coverageSchema":"1a1c01bbd47fc00a2c39e90264f33305004495a9","hash":"5e7d8c0af5f948d03fb8a17004d0fce9f2557d26"}
,"/mnt/nfs/homes/bahaas/42red-tetris/server/common.js": {"path":"/mnt/nfs/homes/bahaas/42red-tetris/server/common.js","statementMap":{"0":{"start":{"line":1,"column":13},"end":{"line":1,"column":30}},"1":{"start":{"line":2,"column":15},"end":{"line":2,"column":34}},"2":{"start":{"line":3,"column":15},"end":{"line":3,"column":33}},"3":{"start":{"line":6,"column":24},"end":{"line":6,"column":39}},"4":{"start":{"line":7,"column":4},"end":{"line":10,"column":5}},"5":{"start":{"line":8,"column":8},"end":{"line":9,"column":24}},"6":{"start":{"line":9,"column":12},"end":{"line":9,"column":24}},"7":{"start":{"line":11,"column":4},"end":{"line":14,"column":5}},"8":{"start":{"line":12,"column":8},"end":{"line":12,"column":25}},"9":{"start":{"line":13,"column":8},"end":{"line":13,"column":15}},"10":{"start":{"line":15,"column":4},"end":{"line":15,"column":51}},"11":{"start":{"line":18,"column":26},"end":{"line":21,"column":1}},"12":{"start":{"line":19,"column":26},"end":{"line":19,"column":111}},"13":{"start":{"line":19,"column":54},"end":{"line":19,"column":109}},"14":{"start":{"line":20,"column":4},"end":{"line":20,"column":56}},"15":{"start":{"line":23,"column":20},"end":{"line":33,"column":1}},"16":{"start":{"line":24,"column":25},"end":{"line":24,"column":95}},"17":{"start":{"line":24,"column":76},"end":{"line":24,"column":91}},"18":{"start":{"line":25,"column":4},"end":{"line":31,"column":5}},"19":{"start":{"line":29,"column":27},"end":{"line":29,"column":92}},"20":{"start":{"line":29,"column":58},"end":{"line":29,"column":89}},"21":{"start":{"line":30,"column":8},"end":{"line":30,"column":97}},"22":{"start":{"line":32,"column":4},"end":{"line":32,"column":32}},"23":{"start":{"line":35,"column":31},"end":{"line":40,"column":1}},"24":{"start":{"line":36,"column":4},"end":{"line":36,"column":28}},"25":{"start":{"line":37,"column":4},"end":{"line":39,"column":6}},"26":{"start":{"line":38,"column":8},"end":{"line":38,"column":28}},"27":{"start":{"line":42,"column":19},"end":{"line":46,"column":1}},"28":{"start":{"line":43,"column":4},"end":{"line":43,"column":22}},"29":{"start":{"line":44,"column":4},"end":{"line":44,"column":33}},"30":{"start":{"line":45,"column":4},"end":{"line":45,"column":28}},"31":{"start":{"line":48,"column":18},"end":{"line":55,"column":1}},"32":{"start":{"line":49,"column":4},"end":{"line":54,"column":5}},"33":{"start":{"line":50,"column":8},"end":{"line":50,"column":25}},"34":{"start":{"line":51,"column":8},"end":{"line":51,"column":38}},"35":{"start":{"line":52,"column":8},"end":{"line":52,"column":41}},"36":{"start":{"line":53,"column":8},"end":{"line":53,"column":40}},"37":{"start":{"line":59,"column":17},"end":{"line":61,"column":1}},"38":{"start":{"line":60,"column":4},"end":{"line":60,"column":48}},"39":{"start":{"line":63,"column":0},"end":{"line":63,"column":114}}},"fnMap":{"0":{"name":"drop","decl":{"start":{"line":5,"column":9},"end":{"line":5,"column":13}},"loc":{"start":{"line":5,"column":20},"end":{"line":16,"column":1}},"line":5},"1":{"name":"(anonymous_1)","decl":{"start":{"line":18,"column":26},"end":{"line":18,"column":27}},"loc":{"start":{"line":18,"column":36},"end":{"line":21,"column":1}},"line":18},"2":{"name":"(anonymous_2)","decl":{"start":{"line":19,"column":48},"end":{"line":19,"column":49}},"loc":{"start":{"line":19,"column":54},"end":{"line":19,"column":109}},"line":19},"3":{"name":"(anonymous_3)","decl":{"start":{"line":23,"column":20},"end":{"line":23,"column":21}},"loc":{"start":{"line":23,"column":30},"end":{"line":33,"column":1}},"line":23},"4":{"name":"(anonymous_4)","decl":{"start":{"line":24,"column":61},"end":{"line":24,"column":62}},"loc":{"start":{"line":24,"column":74},"end":{"line":24,"column":93}},"line":24},"5":{"name":"(anonymous_5)","decl":{"start":{"line":29,"column":43},"end":{"line":29,"column":44}},"loc":{"start":{"line":29,"column":56},"end":{"line":29,"column":91}},"line":29},"6":{"name":"(anonymous_6)","decl":{"start":{"line":35,"column":31},"end":{"line":35,"column":32}},"loc":{"start":{"line":35,"column":41},"end":{"line":40,"column":1}},"line":35},"7":{"name":"(anonymous_7)","decl":{"start":{"line":37,"column":25},"end":{"line":37,"column":26}},"loc":{"start":{"line":37,"column":35},"end":{"line":39,"column":5}},"line":37},"8":{"name":"(anonymous_8)","decl":{"start":{"line":42,"column":19},"end":{"line":42,"column":20}},"loc":{"start":{"line":42,"column":29},"end":{"line":46,"column":1}},"line":42},"9":{"name":"(anonymous_9)","decl":{"start":{"line":48,"column":18},"end":{"line":48,"column":19}},"loc":{"start":{"line":48,"column":28},"end":{"line":55,"column":1}},"line":48},"10":{"name":"(anonymous_10)","decl":{"start":{"line":59,"column":17},"end":{"line":59,"column":18}},"loc":{"start":{"line":59,"column":27},"end":{"line":61,"column":1}},"line":59}},"branchMap":{"0":{"loc":{"start":{"line":8,"column":8},"end":{"line":9,"column":24}},"type":"if","locations":[{"start":{"line":8,"column":8},"end":{"line":9,"column":24}},{"start":{},"end":{}}],"line":8},"1":{"loc":{"start":{"line":11,"column":4},"end":{"line":14,"column":5}},"type":"if","locations":[{"start":{"line":11,"column":4},"end":{"line":14,"column":5}},{"start":{},"end":{}}],"line":11},"2":{"loc":{"start":{"line":25,"column":4},"end":{"line":31,"column":5}},"type":"if","locations":[{"start":{"line":25,"column":4},"end":{"line":31,"column":5}},{"start":{"line":28,"column":4},"end":{"line":31,"column":5}}],"line":25},"3":{"loc":{"start":{"line":49,"column":4},"end":{"line":54,"column":5}},"type":"if","locations":[{"start":{"line":49,"column":4},"end":{"line":54,"column":5}},{"start":{},"end":{}}],"line":49}},"s":{"0":1,"1":1,"2":1,"3":0,"4":0,"5":0,"6":0,"7":0,"8":0,"9":0,"10":0,"11":1,"12":0,"13":0,"14":0,"15":1,"16":0,"17":0,"18":0,"19":0,"20":0,"21":0,"22":0,"23":1,"24":0,"25":0,"26":0,"27":1,"28":0,"29":0,"30":0,"31":1,"32":0,"33":0,"34":0,"35":0,"36":0,"37":1,"38":0,"39":1},"f":{"0":0,"1":0,"2":0,"3":0,"4":0,"5":0,"6":0,"7":0,"8":0,"9":0,"10":0},"b":{"0":[0,0],"1":[0,0],"2":[0,0],"3":[0,0]},"_coverageSchema":"1a1c01bbd47fc00a2c39e90264f33305004495a9","hash":"289f3313c602e3ebf32786a0da54f419c66ed6e7"}
,"/mnt/nfs/homes/bahaas/42red-tetris/server/gameActionHandler.js": {"path":"/mnt/nfs/homes/bahaas/42red-tetris/server/gameActionHandler.js","statementMap":{"0":{"start":{"line":1,"column":15},"end":{"line":1,"column":34}},"1":{"start":{"line":3,"column":0},"end":{"line":38,"column":1}},"2":{"start":{"line":5,"column":4},"end":{"line":15,"column":7}},"3":{"start":{"line":6,"column":8},"end":{"line":6,"column":63}},"4":{"start":{"line":7,"column":21},"end":{"line":7,"column":39}},"5":{"start":{"line":8,"column":29},"end":{"line":8,"column":92}},"6":{"start":{"line":8,"column":65},"end":{"line":8,"column":91}},"7":{"start":{"line":9,"column":8},"end":{"line":9,"column":40}},"8":{"start":{"line":10,"column":8},"end":{"line":13,"column":9}},"9":{"start":{"line":11,"column":12},"end":{"line":11,"column":36}},"10":{"start":{"line":12,"column":12},"end":{"line":12,"column":19}},"11":{"start":{"line":14,"column":8},"end":{"line":14,"column":55}},"12":{"start":{"line":17,"column":23},"end":{"line":21,"column":5}},"13":{"start":{"line":18,"column":8},"end":{"line":18,"column":21}},"14":{"start":{"line":19,"column":8},"end":{"line":19,"column":40}},"15":{"start":{"line":20,"column":8},"end":{"line":20,"column":55}},"16":{"start":{"line":23,"column":33},"end":{"line":27,"column":5}},"17":{"start":{"line":24,"column":8},"end":{"line":26,"column":10}},"18":{"start":{"line":25,"column":12},"end":{"line":25,"column":30}},"19":{"start":{"line":29,"column":4},"end":{"line":36,"column":7}},"20":{"start":{"line":30,"column":8},"end":{"line":30,"column":47}},"21":{"start":{"line":31,"column":21},"end":{"line":31,"column":43}},"22":{"start":{"line":32,"column":8},"end":{"line":32,"column":25}},"23":{"start":{"line":33,"column":8},"end":{"line":33,"column":35}},"24":{"start":{"line":34,"column":8},"end":{"line":34,"column":39}},"25":{"start":{"line":35,"column":8},"end":{"line":35,"column":31}}},"fnMap":{"0":{"name":"(anonymous_0)","decl":{"start":{"line":3,"column":17},"end":{"line":3,"column":18}},"loc":{"start":{"line":3,"column":54},"end":{"line":38,"column":1}},"line":3},"1":{"name":"(anonymous_1)","decl":{"start":{"line":5,"column":22},"end":{"line":5,"column":23}},"loc":{"start":{"line":5,"column":32},"end":{"line":15,"column":5}},"line":5},"2":{"name":"(anonymous_2)","decl":{"start":{"line":8,"column":45},"end":{"line":8,"column":46}},"loc":{"start":{"line":8,"column":65},"end":{"line":8,"column":91}},"line":8},"3":{"name":"(anonymous_3)","decl":{"start":{"line":17,"column":23},"end":{"line":17,"column":24}},"loc":{"start":{"line":17,"column":33},"end":{"line":21,"column":5}},"line":17},"4":{"name":"(anonymous_4)","decl":{"start":{"line":23,"column":33},"end":{"line":23,"column":34}},"loc":{"start":{"line":23,"column":43},"end":{"line":27,"column":5}},"line":23},"5":{"name":"(anonymous_5)","decl":{"start":{"line":24,"column":29},"end":{"line":24,"column":30}},"loc":{"start":{"line":24,"column":39},"end":{"line":26,"column":9}},"line":24},"6":{"name":"(anonymous_6)","decl":{"start":{"line":29,"column":27},"end":{"line":29,"column":28}},"loc":{"start":{"line":29,"column":37},"end":{"line":36,"column":5}},"line":29}},"branchMap":{"0":{"loc":{"start":{"line":10,"column":8},"end":{"line":13,"column":9}},"type":"if","locations":[{"start":{"line":10,"column":8},"end":{"line":13,"column":9}},{"start":{},"end":{}}],"line":10}},"s":{"0":1,"1":1,"2":1,"3":0,"4":0,"5":0,"6":0,"7":0,"8":0,"9":0,"10":0,"11":0,"12":1,"13":0,"14":0,"15":0,"16":1,"17":0,"18":0,"19":1,"20":0,"21":0,"22":0,"23":0,"24":0,"25":0},"f":{"0":1,"1":0,"2":0,"3":0,"4":0,"5":0,"6":0},"b":{"0":[0,0]},"_coverageSchema":"1a1c01bbd47fc00a2c39e90264f33305004495a9","hash":"d7bfa362b120b8e927ddd151232e4f80ae2b33a1"}
,"/mnt/nfs/homes/bahaas/42red-tetris/server/getRoomDataHandler.js": {"path":"/mnt/nfs/homes/bahaas/42red-tetris/server/getRoomDataHandler.js","statementMap":{"0":{"start":{"line":1,"column":0},"end":{"line":14,"column":1}},"1":{"start":{"line":3,"column":4},"end":{"line":8,"column":7}},"2":{"start":{"line":4,"column":8},"end":{"line":4,"column":48}},"3":{"start":{"line":5,"column":21},"end":{"line":5,"column":43}},"4":{"start":{"line":6,"column":30},"end":{"line":6,"column":115}},"5":{"start":{"line":6,"column":58},"end":{"line":6,"column":113}},"6":{"start":{"line":7,"column":8},"end":{"line":7,"column":52}},"7":{"start":{"line":10,"column":4},"end":{"line":13,"column":7}},"8":{"start":{"line":11,"column":21},"end":{"line":11,"column":43}},"9":{"start":{"line":12,"column":8},"end":{"line":12,"column":59}}},"fnMap":{"0":{"name":"(anonymous_0)","decl":{"start":{"line":1,"column":17},"end":{"line":1,"column":18}},"loc":{"start":{"line":1,"column":54},"end":{"line":14,"column":1}},"line":1},"1":{"name":"(anonymous_1)","decl":{"start":{"line":3,"column":28},"end":{"line":3,"column":29}},"loc":{"start":{"line":3,"column":38},"end":{"line":8,"column":5}},"line":3},"2":{"name":"(anonymous_2)","decl":{"start":{"line":6,"column":52},"end":{"line":6,"column":53}},"loc":{"start":{"line":6,"column":58},"end":{"line":6,"column":113}},"line":6},"3":{"name":"(anonymous_3)","decl":{"start":{"line":10,"column":26},"end":{"line":10,"column":27}},"loc":{"start":{"line":10,"column":36},"end":{"line":13,"column":5}},"line":10}},"branchMap":{},"s":{"0":1,"1":1,"2":0,"3":0,"4":0,"5":0,"6":0,"7":1,"8":0,"9":0},"f":{"0":1,"1":0,"2":0,"3":0},"b":{},"_coverageSchema":"1a1c01bbd47fc00a2c39e90264f33305004495a9","hash":"df214a2ccb7d0b692ce47b0a86337af64f2e3f5f"}
,"/mnt/nfs/homes/bahaas/42red-tetris/server/helpers.js": {"path":"/mnt/nfs/homes/bahaas/42red-tetris/server/helpers.js","statementMap":{"0":{"start":{"line":1,"column":62},"end":{"line":1,"column":95}},"1":{"start":{"line":5,"column":9},"end":{"line":5,"column":11}},"2":{"start":{"line":6,"column":1},"end":{"line":8,"column":2}},"3":{"start":{"line":7,"column":2},"end":{"line":7,"column":55}},"4":{"start":{"line":9,"column":1},"end":{"line":9,"column":11}},"5":{"start":{"line":14,"column":2},"end":{"line":19,"column":6}},"6":{"start":{"line":22,"column":0},"end":{"line":22,"column":42}}},"fnMap":{"0":{"name":"createId","decl":{"start":{"line":3,"column":9},"end":{"line":3,"column":17}},"loc":{"start":{"line":4,"column":0},"end":{"line":10,"column":1}},"line":4},"1":{"name":"createName","decl":{"start":{"line":12,"column":9},"end":{"line":12,"column":19}},"loc":{"start":{"line":13,"column":0},"end":{"line":20,"column":1}},"line":13}},"branchMap":{"0":{"loc":{"start":{"line":3,"column":18},"end":{"line":3,"column":25}},"type":"default-arg","locations":[{"start":{"line":3,"column":24},"end":{"line":3,"column":25}}],"line":3},"1":{"loc":{"start":{"line":3,"column":27},"end":{"line":3,"column":73}},"type":"default-arg","locations":[{"start":{"line":3,"column":35},"end":{"line":3,"column":73}}],"line":3}},"s":{"0":4,"1":1,"2":1,"3":6,"4":1,"5":3,"6":4},"f":{"0":1,"1":3},"b":{"0":[1],"1":[1]},"_coverageSchema":"1a1c01bbd47fc00a2c39e90264f33305004495a9","hash":"51837c5c93a6ca8e54cc24d227c8ef62461088d7"}
,"/mnt/nfs/homes/bahaas/42red-tetris/server/index.js": {"path":"/mnt/nfs/homes/bahaas/42red-tetris/server/index.js","statementMap":{"0":{"start":{"line":1,"column":16},"end":{"line":1,"column":34}},"1":{"start":{"line":2,"column":12},"end":{"line":2,"column":21}},"2":{"start":{"line":3,"column":13},"end":{"line":3,"column":28}},"3":{"start":{"line":4,"column":15},"end":{"line":4,"column":34}},"4":{"start":{"line":5,"column":16},"end":{"line":5,"column":36}},"5":{"start":{"line":6,"column":13},"end":{"line":6,"column":17}},"6":{"start":{"line":8,"column":19},"end":{"line":8,"column":49}},"7":{"start":{"line":9,"column":9},"end":{"line":13,"column":4}},"8":{"start":{"line":15,"column":0},"end":{"line":15,"column":16}},"9":{"start":{"line":17,"column":14},"end":{"line":17,"column":21}},"10":{"start":{"line":19,"column":0},"end":{"line":48,"column":3}},"11":{"start":{"line":21,"column":1},"end":{"line":21,"column":53}},"12":{"start":{"line":22,"column":16},"end":{"line":22,"column":56}},"13":{"start":{"line":24,"column":1},"end":{"line":34,"column":4}},"14":{"start":{"line":25,"column":2},"end":{"line":25,"column":41}},"15":{"start":{"line":26,"column":15},"end":{"line":26,"column":26}},"16":{"start":{"line":27,"column":2},"end":{"line":33,"column":3}},"17":{"start":{"line":28,"column":3},"end":{"line":28,"column":23}},"18":{"start":{"line":29,"column":25},"end":{"line":29,"column":110}},"19":{"start":{"line":29,"column":53},"end":{"line":29,"column":108}},"20":{"start":{"line":30,"column":3},"end":{"line":30,"column":55}},"21":{"start":{"line":31,"column":3},"end":{"line":32,"column":25}},"22":{"start":{"line":32,"column":4},"end":{"line":32,"column":25}},"23":{"start":{"line":42,"column":1},"end":{"line":42,"column":53}},"24":{"start":{"line":43,"column":1},"end":{"line":43,"column":38}},"25":{"start":{"line":44,"column":1},"end":{"line":44,"column":59}},"26":{"start":{"line":45,"column":1},"end":{"line":45,"column":60}},"27":{"start":{"line":47,"column":1},"end":{"line":47,"column":11}},"28":{"start":{"line":50,"column":0},"end":{"line":50,"column":16}},"29":{"start":{"line":52,"column":0},"end":{"line":54,"column":3}},"30":{"start":{"line":53,"column":1},"end":{"line":53,"column":44}}},"fnMap":{"0":{"name":"(anonymous_0)","decl":{"start":{"line":19,"column":20},"end":{"line":19,"column":21}},"loc":{"start":{"line":19,"column":32},"end":{"line":48,"column":1}},"line":19},"1":{"name":"(anonymous_1)","decl":{"start":{"line":24,"column":25},"end":{"line":24,"column":26}},"loc":{"start":{"line":24,"column":31},"end":{"line":34,"column":2}},"line":24},"2":{"name":"(anonymous_2)","decl":{"start":{"line":29,"column":47},"end":{"line":29,"column":48}},"loc":{"start":{"line":29,"column":53},"end":{"line":29,"column":108}},"line":29},"3":{"name":"(anonymous_3)","decl":{"start":{"line":52,"column":41},"end":{"line":52,"column":42}},"loc":{"start":{"line":52,"column":47},"end":{"line":54,"column":1}},"line":52}},"branchMap":{"0":{"loc":{"start":{"line":27,"column":2},"end":{"line":33,"column":3}},"type":"if","locations":[{"start":{"line":27,"column":2},"end":{"line":33,"column":3}},{"start":{},"end":{}}],"line":27},"1":{"loc":{"start":{"line":31,"column":3},"end":{"line":32,"column":25}},"type":"if","locations":[{"start":{"line":31,"column":3},"end":{"line":32,"column":25}},{"start":{},"end":{}}],"line":31}},"s":{"0":1,"1":1,"2":1,"3":1,"4":1,"5":1,"6":1,"7":1,"8":1,"9":1,"10":1,"11":1,"12":1,"13":1,"14":1,"15":1,"16":1,"17":0,"18":0,"19":0,"20":0,"21":0,"22":0,"23":1,"24":1,"25":1,"26":1,"27":1,"28":1,"29":1,"30":1},"f":{"0":1,"1":1,"2":0,"3":1},"b":{"0":[0,1],"1":[0,0]},"_coverageSchema":"1a1c01bbd47fc00a2c39e90264f33305004495a9","hash":"22d3673055c86982561d839a1268fcf301db14e6"}
,"/mnt/nfs/homes/bahaas/42red-tetris/server/roomHandler.js": {"path":"/mnt/nfs/homes/bahaas/42red-tetris/server/roomHandler.js","statementMap":{"0":{"start":{"line":1,"column":13},"end":{"line":1,"column":30}},"1":{"start":{"line":2,"column":16},"end":{"line":2,"column":36}},"2":{"start":{"line":3,"column":15},"end":{"line":3,"column":34}},"3":{"start":{"line":5,"column":0},"end":{"line":111,"column":2}},"4":{"start":{"line":7,"column":27},"end":{"line":10,"column":5}},"5":{"start":{"line":8,"column":8},"end":{"line":8,"column":31}},"6":{"start":{"line":9,"column":8},"end":{"line":9,"column":29}},"7":{"start":{"line":12,"column":23},"end":{"line":18,"column":5}},"8":{"start":{"line":13,"column":21},"end":{"line":13,"column":33}},"9":{"start":{"line":14,"column":8},"end":{"line":14,"column":33}},"10":{"start":{"line":15,"column":8},"end":{"line":15,"column":28}},"11":{"start":{"line":16,"column":8},"end":{"line":16,"column":26}},"12":{"start":{"line":17,"column":8},"end":{"line":17,"column":20}},"13":{"start":{"line":20,"column":29},"end":{"line":22,"column":5}},"14":{"start":{"line":21,"column":8},"end":{"line":21,"column":74}},"15":{"start":{"line":24,"column":4},"end":{"line":29,"column":7}},"16":{"start":{"line":25,"column":8},"end":{"line":25,"column":34}},"17":{"start":{"line":26,"column":24},"end":{"line":26,"column":54}},"18":{"start":{"line":27,"column":8},"end":{"line":27,"column":40}},"19":{"start":{"line":28,"column":8},"end":{"line":28,"column":42}},"20":{"start":{"line":32,"column":27},"end":{"line":45,"column":5}},"21":{"start":{"line":33,"column":8},"end":{"line":33,"column":32}},"22":{"start":{"line":34,"column":43},"end":{"line":34,"column":106}},"23":{"start":{"line":34,"column":79},"end":{"line":34,"column":105}},"24":{"start":{"line":36,"column":8},"end":{"line":43,"column":9}},"25":{"start":{"line":37,"column":12},"end":{"line":37,"column":58}},"26":{"start":{"line":38,"column":12},"end":{"line":38,"column":25}},"27":{"start":{"line":40,"column":13},"end":{"line":43,"column":9}},"28":{"start":{"line":41,"column":12},"end":{"line":41,"column":62}},"29":{"start":{"line":42,"column":12},"end":{"line":42,"column":25}},"30":{"start":{"line":44,"column":8},"end":{"line":44,"column":20}},"31":{"start":{"line":47,"column":4},"end":{"line":69,"column":7}},"32":{"start":{"line":48,"column":8},"end":{"line":48,"column":37}},"33":{"start":{"line":49,"column":8},"end":{"line":49,"column":34}},"34":{"start":{"line":50,"column":21},"end":{"line":50,"column":39}},"35":{"start":{"line":52,"column":8},"end":{"line":68,"column":9}},"36":{"start":{"line":53,"column":28},"end":{"line":53,"column":47}},"37":{"start":{"line":54,"column":12},"end":{"line":54,"column":44}},"38":{"start":{"line":55,"column":12},"end":{"line":55,"column":46}},"39":{"start":{"line":58,"column":12},"end":{"line":67,"column":13}},"40":{"start":{"line":60,"column":16},"end":{"line":60,"column":48}},"41":{"start":{"line":61,"column":16},"end":{"line":61,"column":37}},"42":{"start":{"line":63,"column":16},"end":{"line":63,"column":45}},"43":{"start":{"line":64,"column":38},"end":{"line":64,"column":123}},"44":{"start":{"line":64,"column":66},"end":{"line":64,"column":121}},"45":{"start":{"line":65,"column":16},"end":{"line":65,"column":43}},"46":{"start":{"line":66,"column":16},"end":{"line":66,"column":47}},"47":{"start":{"line":72,"column":4},"end":{"line":95,"column":7}},"48":{"start":{"line":73,"column":21},"end":{"line":73,"column":39}},"49":{"start":{"line":77,"column":8},"end":{"line":81,"column":9}},"50":{"start":{"line":78,"column":33},"end":{"line":78,"column":96}},"51":{"start":{"line":78,"column":69},"end":{"line":78,"column":95}},"52":{"start":{"line":79,"column":12},"end":{"line":79,"column":32}},"53":{"start":{"line":80,"column":12},"end":{"line":80,"column":59}},"54":{"start":{"line":82,"column":8},"end":{"line":82,"column":28}},"55":{"start":{"line":85,"column":8},"end":{"line":92,"column":9}},"56":{"start":{"line":86,"column":12},"end":{"line":86,"column":34}},"57":{"start":{"line":89,"column":12},"end":{"line":89,"column":32}},"58":{"start":{"line":90,"column":12},"end":{"line":90,"column":32}},"59":{"start":{"line":91,"column":12},"end":{"line":91,"column":31}},"60":{"start":{"line":93,"column":8},"end":{"line":93,"column":30}},"61":{"start":{"line":94,"column":8},"end":{"line":94,"column":39}},"62":{"start":{"line":97,"column":31},"end":{"line":102,"column":5}},"63":{"start":{"line":98,"column":8},"end":{"line":101,"column":32}},"64":{"start":{"line":99,"column":12},"end":{"line":99,"column":30}},"65":{"start":{"line":101,"column":12},"end":{"line":101,"column":32}},"66":{"start":{"line":104,"column":4},"end":{"line":110,"column":7}},"67":{"start":{"line":105,"column":21},"end":{"line":105,"column":43}},"68":{"start":{"line":107,"column":8},"end":{"line":107,"column":29}},"69":{"start":{"line":108,"column":8},"end":{"line":108,"column":39}},"70":{"start":{"line":109,"column":8},"end":{"line":109,"column":31}}},"fnMap":{"0":{"name":"(anonymous_0)","decl":{"start":{"line":5,"column":17},"end":{"line":5,"column":18}},"loc":{"start":{"line":5,"column":54},"end":{"line":111,"column":1}},"line":5},"1":{"name":"(anonymous_1)","decl":{"start":{"line":7,"column":27},"end":{"line":7,"column":28}},"loc":{"start":{"line":7,"column":37},"end":{"line":10,"column":5}},"line":7},"2":{"name":"(anonymous_2)","decl":{"start":{"line":12,"column":23},"end":{"line":12,"column":24}},"loc":{"start":{"line":12,"column":31},"end":{"line":18,"column":5}},"line":12},"3":{"name":"(anonymous_3)","decl":{"start":{"line":20,"column":29},"end":{"line":20,"column":30}},"loc":{"start":{"line":20,"column":45},"end":{"line":22,"column":5}},"line":20},"4":{"name":"(anonymous_4)","decl":{"start":{"line":24,"column":28},"end":{"line":24,"column":29}},"loc":{"start":{"line":24,"column":38},"end":{"line":29,"column":5}},"line":24},"5":{"name":"(anonymous_5)","decl":{"start":{"line":32,"column":27},"end":{"line":32,"column":28}},"loc":{"start":{"line":32,"column":37},"end":{"line":45,"column":5}},"line":32},"6":{"name":"(anonymous_6)","decl":{"start":{"line":34,"column":59},"end":{"line":34,"column":60}},"loc":{"start":{"line":34,"column":79},"end":{"line":34,"column":105}},"line":34},"7":{"name":"(anonymous_7)","decl":{"start":{"line":47,"column":26},"end":{"line":47,"column":27}},"loc":{"start":{"line":47,"column":36},"end":{"line":69,"column":5}},"line":47},"8":{"name":"(anonymous_8)","decl":{"start":{"line":64,"column":60},"end":{"line":64,"column":61}},"loc":{"start":{"line":64,"column":66},"end":{"line":64,"column":121}},"line":64},"9":{"name":"(anonymous_9)","decl":{"start":{"line":72,"column":27},"end":{"line":72,"column":28}},"loc":{"start":{"line":72,"column":37},"end":{"line":95,"column":5}},"line":72},"10":{"name":"(anonymous_10)","decl":{"start":{"line":78,"column":49},"end":{"line":78,"column":50}},"loc":{"start":{"line":78,"column":69},"end":{"line":78,"column":95}},"line":78},"11":{"name":"(anonymous_11)","decl":{"start":{"line":97,"column":31},"end":{"line":97,"column":32}},"loc":{"start":{"line":97,"column":37},"end":{"line":102,"column":5}},"line":97},"12":{"name":"(anonymous_12)","decl":{"start":{"line":104,"column":29},"end":{"line":104,"column":30}},"loc":{"start":{"line":104,"column":39},"end":{"line":110,"column":5}},"line":104}},"branchMap":{"0":{"loc":{"start":{"line":36,"column":8},"end":{"line":43,"column":9}},"type":"if","locations":[{"start":{"line":36,"column":8},"end":{"line":43,"column":9}},{"start":{"line":40,"column":13},"end":{"line":43,"column":9}}],"line":36},"1":{"loc":{"start":{"line":40,"column":13},"end":{"line":43,"column":9}},"type":"if","locations":[{"start":{"line":40,"column":13},"end":{"line":43,"column":9}},{"start":{},"end":{}}],"line":40},"2":{"loc":{"start":{"line":52,"column":8},"end":{"line":68,"column":9}},"type":"if","locations":[{"start":{"line":52,"column":8},"end":{"line":68,"column":9}},{"start":{"line":57,"column":13},"end":{"line":68,"column":9}}],"line":52},"3":{"loc":{"start":{"line":58,"column":12},"end":{"line":67,"column":13}},"type":"if","locations":[{"start":{"line":58,"column":12},"end":{"line":67,"column":13}},{"start":{},"end":{}}],"line":58},"4":{"loc":{"start":{"line":77,"column":8},"end":{"line":81,"column":9}},"type":"if","locations":[{"start":{"line":77,"column":8},"end":{"line":81,"column":9}},{"start":{},"end":{}}],"line":77},"5":{"loc":{"start":{"line":85,"column":8},"end":{"line":92,"column":9}},"type":"if","locations":[{"start":{"line":85,"column":8},"end":{"line":92,"column":9}},{"start":{"line":88,"column":8},"end":{"line":92,"column":9}}],"line":85},"6":{"loc":{"start":{"line":98,"column":8},"end":{"line":101,"column":32}},"type":"if","locations":[{"start":{"line":98,"column":8},"end":{"line":101,"column":32}},{"start":{"line":101,"column":12},"end":{"line":101,"column":32}}],"line":98}},"s":{"0":1,"1":1,"2":1,"3":1,"4":1,"5":0,"6":0,"7":1,"8":0,"9":0,"10":0,"11":0,"12":0,"13":1,"14":0,"15":1,"16":0,"17":0,"18":0,"19":0,"20":1,"21":0,"22":0,"23":0,"24":0,"25":0,"26":0,"27":0,"28":0,"29":0,"30":0,"31":1,"32":0,"33":0,"34":0,"35":0,"36":0,"37":0,"38":0,"39":0,"40":0,"41":0,"42":0,"43":0,"44":0,"45":0,"46":0,"47":1,"48":0,"49":0,"50":0,"51":0,"52":0,"53":0,"54":0,"55":0,"56":0,"57":0,"58":0,"59":0,"60":0,"61":0,"62":1,"63":0,"64":0,"65":0,"66":1,"67":0,"68":0,"69":0,"70":0},"f":{"0":1,"1":0,"2":0,"3":0,"4":0,"5":0,"6":0,"7":0,"8":0,"9":0,"10":0,"11":0,"12":0},"b":{"0":[0,0],"1":[0,0],"2":[0,0],"3":[0,0],"4":[0,0],"5":[0,0],"6":[0,0]},"_coverageSchema":"1a1c01bbd47fc00a2c39e90264f33305004495a9","hash":"62c4f717c239236f100d44263aff74edffa996c5"}
,"/mnt/nfs/homes/bahaas/42red-tetris/server/tetrominos.js": {"path":"/mnt/nfs/homes/bahaas/42red-tetris/server/tetrominos.js","statementMap":{"0":{"start":{"line":1,"column":19},"end":{"line":1,"column":32}},"1":{"start":{"line":2,"column":22},"end":{"line":2,"column":41}},"2":{"start":{"line":4,"column":0},"end":{"line":69,"column":1}},"3":{"start":{"line":71,"column":0},"end":{"line":76,"column":1}},"4":{"start":{"line":72,"column":23},"end":{"line":72,"column":32}},"5":{"start":{"line":74,"column":8},"end":{"line":74,"column":65}},"6":{"start":{"line":75,"column":4},"end":{"line":75,"column":37}},"7":{"start":{"line":78,"column":0},"end":{"line":78,"column":49}}},"fnMap":{"0":{"name":"(anonymous_0)","decl":{"start":{"line":71,"column":18},"end":{"line":71,"column":19}},"loc":{"start":{"line":71,"column":24},"end":{"line":76,"column":1}},"line":71}},"branchMap":{},"s":{"0":4,"1":4,"2":4,"3":4,"4":150,"5":150,"6":150,"7":4},"f":{"0":150},"b":{},"_coverageSchema":"1a1c01bbd47fc00a2c39e90264f33305004495a9","hash":"6e49d3e829d6263eadda7ebc00b76dbb56cdf01c"}
}
