TN:
SF:Client.js
FN:4,(anonymous_0)
FN:13,(anonymous_1)
FN:17,(anonymous_2)
FN:21,(anonymous_3)
FN:25,(anonymous_4)
FN:29,(anonymous_5)
FN:33,(anonymous_6)
FNF:7
FNH:7
FNDA:3,(anonymous_0)
FNDA:1,(anonymous_1)
FNDA:1,(anonymous_2)
FNDA:1,(anonymous_3)
FNDA:1,(anonymous_4)
FNDA:3,(anonymous_5)
FNDA:2,(anonymous_6)
DA:6,3
DA:7,3
DA:8,3
DA:9,3
DA:10,3
DA:14,1
DA:18,1
DA:22,1
DA:26,1
DA:30,3
DA:34,2
DA:38,3
LF:12
LH:12
BRDA:34,0,0,1
BRDA:34,0,1,1
BRF:2
BRH:2
end_of_record
TN:
SF:Game.js
FN:6,(anonymous_0)
FN:25,(anonymous_1)
FN:30,(anonymous_2)
FN:36,(anonymous_3)
FN:42,(anonymous_4)
FN:43,(anonymous_5)
FN:46,(anonymous_6)
FN:47,(anonymous_7)
FN:60,(anonymous_8)
FN:78,(anonymous_9)
FN:94,(anonymous_10)
FN:96,(anonymous_11)
FN:97,(anonymous_12)
FN:100,(anonymous_13)
FN:101,(anonymous_14)
FN:113,(anonymous_15)
FN:135,(anonymous_16)
FN:143,(anonymous_17)
FN:158,(anonymous_18)
FN:161,(anonymous_19)
FN:162,(anonymous_20)
FN:178,(anonymous_21)
FN:182,(anonymous_22)
FN:183,(anonymous_23)
FN:186,(anonymous_24)
FN:187,(anonymous_25)
FN:205,(anonymous_26)
FN:210,(anonymous_27)
FN:214,(anonymous_28)
FN:216,(anonymous_29)
FN:220,(anonymous_30)
FN:225,(anonymous_31)
FN:231,(anonymous_32)
FN:233,(anonymous_33)
FN:234,(anonymous_34)
FN:237,(anonymous_35)
FN:241,(anonymous_36)
FN:259,(anonymous_37)
FNF:38
FNH:38
FNDA:5,(anonymous_0)
FNDA:1,(anonymous_1)
FNDA:1,(anonymous_2)
FNDA:3,(anonymous_3)
FNDA:12,(anonymous_4)
FNDA:48,(anonymous_5)
FNDA:6,(anonymous_6)
FNDA:12,(anonymous_7)
FNDA:1,(anonymous_8)
FNDA:5,(anonymous_9)
FNDA:4,(anonymous_10)
FNDA:80,(anonymous_11)
FNDA:960,(anonymous_12)
FNDA:12,(anonymous_13)
FNDA:36,(anonymous_14)
FNDA:3,(anonymous_15)
FNDA:2,(anonymous_16)
FNDA:1,(anonymous_17)
FNDA:1,(anonymous_18)
FNDA:20,(anonymous_19)
FNDA:20,(anonymous_20)
FNDA:3,(anonymous_21)
FNDA:60,(anonymous_22)
FNDA:720,(anonymous_23)
FNDA:9,(anonymous_24)
FNDA:27,(anonymous_25)
FNDA:10,(anonymous_26)
FNDA:11,(anonymous_27)
FNDA:20,(anonymous_28)
FNDA:240,(anonymous_29)
FNDA:1,(anonymous_30)
FNDA:1,(anonymous_31)
FNDA:1,(anonymous_32)
FNDA:3,(anonymous_33)
FNDA:9,(anonymous_34)
FNDA:3,(anonymous_35)
FNDA:1,(anonymous_36)
FNDA:2,(anonymous_37)
DA:2,4
DA:8,5
DA:9,5
DA:10,5
DA:11,5
DA:12,5
DA:13,5
DA:14,5
DA:15,5
DA:16,5
DA:17,5
DA:18,5
DA:19,5
DA:20,5
DA:21,5
DA:26,1
DA:32,1
DA:33,1
DA:38,3
DA:39,3
DA:42,3
DA:43,48
DA:46,3
DA:47,6
DA:48,12
DA:49,12
DA:56,3
DA:63,1
DA:64,1
DA:66,0
DA:67,0
DA:70,1
DA:73,1
DA:74,1
DA:75,1
DA:80,5
DA:81,5
DA:82,5
DA:83,5
DA:84,5
DA:85,5
DA:86,5
DA:87,5
DA:88,5
DA:89,5
DA:90,5
DA:91,5
DA:96,4
DA:97,960
DA:100,4
DA:101,12
DA:102,36
DA:103,16
DA:110,4
DA:114,3
DA:115,9
DA:117,27
DA:118,12
DA:128,0
DA:136,2
DA:137,2
DA:138,2
DA:139,2
DA:140,2
DA:145,1
DA:146,1
DA:147,1
DA:149,0
DA:150,0
DA:151,0
DA:153,0
DA:154,0
DA:160,1
DA:161,1
DA:162,20
DA:163,0
DA:164,0
DA:165,0
DA:169,1
DA:170,1
DA:172,1
DA:173,0
DA:175,1
DA:180,3
DA:182,3
DA:183,720
DA:186,3
DA:187,9
DA:188,27
DA:189,12
DA:197,3
DA:198,0
DA:199,0
DA:200,0
DA:202,3
DA:206,10
DA:211,11
DA:216,240
DA:222,1
DA:226,1
DA:227,1
DA:233,1
DA:234,9
DA:237,3
DA:238,0
DA:242,1
DA:243,1
DA:244,1
DA:245,1
DA:246,1
DA:247,0
DA:248,0
DA:249,0
DA:250,0
DA:251,0
DA:252,0
DA:255,1
DA:256,1
DA:261,2
DA:262,2
DA:263,2
DA:264,1
DA:265,1
DA:266,0
DA:267,1
DA:268,0
DA:269,1
DA:270,1
DA:276,4
LF:129
LH:105
BRDA:43,0,0,48
BRDA:43,0,1,0
BRDA:48,1,0,12
BRDA:48,1,1,0
BRDA:51,2,0,0
BRDA:51,2,1,12
BRDA:64,3,0,0
BRDA:64,3,1,1
BRDA:97,4,0,960
BRDA:97,4,1,0
BRDA:102,5,0,16
BRDA:102,5,1,20
BRDA:105,6,0,0
BRDA:105,6,1,16
BRDA:117,7,0,12
BRDA:117,7,1,15
BRDA:118,8,0,0
BRDA:118,8,1,12
BRDA:121,9,0,12
BRDA:121,9,1,12
BRDA:121,9,2,12
BRDA:146,10,0,1
BRDA:146,10,1,0
BRDA:149,11,0,0
BRDA:149,11,1,0
BRDA:162,12,0,0
BRDA:162,12,1,20
BRDA:172,13,0,0
BRDA:172,13,1,1
BRDA:183,14,0,720
BRDA:183,14,1,0
BRDA:188,15,0,12
BRDA:188,15,1,15
BRDA:191,16,0,0
BRDA:191,16,1,12
BRDA:197,17,0,0
BRDA:197,17,1,3
BRDA:226,18,0,1
BRDA:226,18,1,0
BRDA:237,19,0,1
BRDA:237,19,1,0
BRDA:248,20,0,0
BRDA:248,20,1,0
BRDA:249,21,0,0
BRDA:249,21,1,0
BRDA:262,22,0,2
BRDA:262,22,1,0
BRDA:263,23,0,1
BRDA:263,23,1,1
BRDA:265,24,0,0
BRDA:265,24,1,1
BRDA:267,25,0,0
BRDA:267,25,1,1
BRDA:269,26,0,1
BRDA:269,26,1,0
BRF:55
BRH:30
end_of_record
TN:
SF:Room.js
FN:6,(anonymous_0)
FN:15,(anonymous_1)
FN:17,(anonymous_2)
FN:20,(anonymous_3)
FN:28,(anonymous_4)
FN:34,(anonymous_5)
FN:36,(anonymous_6)
FN:37,(anonymous_7)
FN:46,(anonymous_8)
FN:51,(anonymous_9)
FN:57,(anonymous_10)
FN:59,(anonymous_11)
FN:62,(anonymous_12)
FN:69,(anonymous_13)
FN:74,(anonymous_14)
FN:76,(anonymous_15)
FN:77,(anonymous_16)
FN:86,(anonymous_17)
FN:88,(anonymous_18)
FNF:19
FNH:19
FNDA:2,(anonymous_0)
FNDA:2,(anonymous_1)
FNDA:100,(anonymous_2)
FNDA:4,(anonymous_3)
FNDA:1,(anonymous_4)
FNDA:1,(anonymous_5)
FNDA:4,(anonymous_6)
FNDA:4,(anonymous_7)
FNDA:3,(anonymous_8)
FNDA:1,(anonymous_9)
FNDA:1,(anonymous_10)
FNDA:1,(anonymous_11)
FNDA:1,(anonymous_12)
FNDA:4,(anonymous_13)
FNDA:1,(anonymous_14)
FNDA:4,(anonymous_15)
FNDA:4,(anonymous_16)
FNDA:1,(anonymous_17)
FNDA:1,(anonymous_18)
DA:1,4
DA:2,4
DA:8,2
DA:9,2
DA:10,2
DA:11,2
DA:12,2
DA:17,100
DA:22,4
DA:23,4
DA:24,4
DA:25,4
DA:30,1
DA:31,1
DA:36,1
DA:37,4
DA:43,1
DA:48,3
DA:53,1
DA:54,1
DA:59,1
DA:64,1
DA:69,1
DA:70,4
DA:76,1
DA:77,4
DA:80,1
DA:81,4
DA:83,1
DA:88,1
DA:93,4
LF:31
LH:31
BRDA:48,0,0,2
BRDA:48,0,1,1
BRF:2
BRH:2
end_of_record
TN:
SF:chatHandler.js
FN:1,(anonymous_0)
FN:3,(anonymous_1)
FNF:2
FNH:1
FNDA:1,(anonymous_0)
FNDA:0,(anonymous_1)
DA:1,1
DA:3,1
DA:4,0
LF:3
LH:2
BRF:0
BRH:0
end_of_record
TN:
SF:common.js
FN:5,drop
FN:18,(anonymous_1)
FN:19,(anonymous_2)
FN:23,(anonymous_3)
FN:24,(anonymous_4)
FN:29,(anonymous_5)
FN:35,(anonymous_6)
FN:37,(anonymous_7)
FN:42,(anonymous_8)
FN:48,(anonymous_9)
FN:59,(anonymous_10)
FNF:11
FNH:0
FNDA:0,drop
FNDA:0,(anonymous_1)
FNDA:0,(anonymous_2)
FNDA:0,(anonymous_3)
FNDA:0,(anonymous_4)
FNDA:0,(anonymous_5)
FNDA:0,(anonymous_6)
FNDA:0,(anonymous_7)
FNDA:0,(anonymous_8)
FNDA:0,(anonymous_9)
FNDA:0,(anonymous_10)
DA:1,1
DA:2,1
DA:3,1
DA:6,0
DA:7,0
DA:8,0
DA:9,0
DA:11,0
DA:12,0
DA:13,0
DA:15,0
DA:18,1
DA:19,0
DA:20,0
DA:23,1
DA:24,0
DA:25,0
DA:29,0
DA:30,0
DA:32,0
DA:35,1
DA:36,0
DA:37,0
DA:38,0
DA:42,1
DA:43,0
DA:44,0
DA:45,0
DA:48,1
DA:49,0
DA:50,0
DA:51,0
DA:52,0
DA:53,0
DA:59,1
DA:60,0
DA:63,1
LF:37
LH:10
BRDA:8,0,0,0
BRDA:8,0,1,0
BRDA:11,1,0,0
BRDA:11,1,1,0
BRDA:25,2,0,0
BRDA:25,2,1,0
BRDA:49,3,0,0
BRDA:49,3,1,0
BRF:8
BRH:0
end_of_record
TN:
SF:gameActionHandler.js
FN:3,(anonymous_0)
FN:5,(anonymous_1)
FN:8,(anonymous_2)
FN:17,(anonymous_3)
FN:23,(anonymous_4)
FN:24,(anonymous_5)
FN:29,(anonymous_6)
FNF:7
FNH:1
FNDA:1,(anonymous_0)
FNDA:0,(anonymous_1)
FNDA:0,(anonymous_2)
FNDA:0,(anonymous_3)
FNDA:0,(anonymous_4)
FNDA:0,(anonymous_5)
FNDA:0,(anonymous_6)
DA:1,1
DA:3,1
DA:5,1
DA:6,0
DA:7,0
DA:8,0
DA:9,0
DA:10,0
DA:11,0
DA:12,0
DA:14,0
DA:17,1
DA:18,0
DA:19,0
DA:20,0
DA:23,1
DA:24,0
DA:25,0
DA:29,1
DA:30,0
DA:31,0
DA:32,0
DA:33,0
DA:34,0
DA:35,0
LF:25
LH:6
BRDA:10,0,0,0
BRDA:10,0,1,0
BRF:2
BRH:0
end_of_record
TN:
SF:getRoomDataHandler.js
FN:1,(anonymous_0)
FN:3,(anonymous_1)
FN:6,(anonymous_2)
FN:10,(anonymous_3)
FNF:4
FNH:1
FNDA:1,(anonymous_0)
FNDA:0,(anonymous_1)
FNDA:0,(anonymous_2)
FNDA:0,(anonymous_3)
DA:1,1
DA:3,1
DA:4,0
DA:5,0
DA:6,0
DA:7,0
DA:10,1
DA:11,0
DA:12,0
LF:9
LH:3
BRF:0
BRH:0
end_of_record
TN:
SF:helpers.js
FN:3,createId
FN:12,createName
FNF:2
FNH:2
FNDA:1,createId
FNDA:3,createName
DA:1,4
DA:5,1
DA:6,1
DA:7,6
DA:9,1
DA:14,3
DA:22,4
LF:7
LH:7
BRDA:3,0,0,1
BRDA:3,1,0,1
BRF:2
BRH:2
end_of_record
TN:
SF:index.js
FN:19,(anonymous_0)
FN:24,(anonymous_1)
FN:29,(anonymous_2)
FN:52,(anonymous_3)
FNF:4
FNH:3
FNDA:1,(anonymous_0)
FNDA:1,(anonymous_1)
FNDA:0,(anonymous_2)
FNDA:1,(anonymous_3)
DA:1,1
DA:2,1
DA:3,1
DA:4,1
DA:5,1
DA:6,1
DA:8,1
DA:9,1
DA:15,1
DA:17,1
DA:19,1
DA:21,1
DA:22,1
DA:24,1
DA:25,1
DA:26,1
DA:27,1
DA:28,0
DA:29,0
DA:30,0
DA:31,0
DA:32,0
DA:42,1
DA:43,1
DA:44,1
DA:45,1
DA:47,1
DA:50,1
DA:52,1
DA:53,1
LF:30
LH:25
BRDA:27,0,0,0
BRDA:27,0,1,1
BRDA:31,1,0,0
BRDA:31,1,1,0
BRF:4
BRH:1
end_of_record
TN:
SF:roomHandler.js
FN:5,(anonymous_0)
FN:7,(anonymous_1)
FN:12,(anonymous_2)
FN:20,(anonymous_3)
FN:24,(anonymous_4)
FN:32,(anonymous_5)
FN:34,(anonymous_6)
FN:47,(anonymous_7)
FN:64,(anonymous_8)
FN:72,(anonymous_9)
FN:78,(anonymous_10)
FN:97,(anonymous_11)
FN:104,(anonymous_12)
FNF:13
FNH:1
FNDA:1,(anonymous_0)
FNDA:0,(anonymous_1)
FNDA:0,(anonymous_2)
FNDA:0,(anonymous_3)
FNDA:0,(anonymous_4)
FNDA:0,(anonymous_5)
FNDA:0,(anonymous_6)
FNDA:0,(anonymous_7)
FNDA:0,(anonymous_8)
FNDA:0,(anonymous_9)
FNDA:0,(anonymous_10)
FNDA:0,(anonymous_11)
FNDA:0,(anonymous_12)
DA:1,1
DA:2,1
DA:3,1
DA:5,1
DA:7,1
DA:8,0
DA:9,0
DA:12,1
DA:13,0
DA:14,0
DA:15,0
DA:16,0
DA:17,0
DA:20,1
DA:21,0
DA:24,1
DA:25,0
DA:26,0
DA:27,0
DA:28,0
DA:32,1
DA:33,0
DA:34,0
DA:36,0
DA:37,0
DA:38,0
DA:40,0
DA:41,0
DA:42,0
DA:44,0
DA:47,1
DA:48,0
DA:49,0
DA:50,0
DA:52,0
DA:53,0
DA:54,0
DA:55,0
DA:58,0
DA:60,0
DA:61,0
DA:63,0
DA:64,0
DA:65,0
DA:66,0
DA:72,1
DA:73,0
DA:77,0
DA:78,0
DA:79,0
DA:80,0
DA:82,0
DA:85,0
DA:86,0
DA:89,0
DA:90,0
DA:91,0
DA:93,0
DA:94,0
DA:97,1
DA:98,0
DA:99,0
DA:101,0
DA:104,1
DA:105,0
DA:107,0
DA:108,0
DA:109,0
LF:68
LH:13
BRDA:36,0,0,0
BRDA:36,0,1,0
BRDA:40,1,0,0
BRDA:40,1,1,0
BRDA:52,2,0,0
BRDA:52,2,1,0
BRDA:58,3,0,0
BRDA:58,3,1,0
BRDA:77,4,0,0
BRDA:77,4,1,0
BRDA:85,5,0,0
BRDA:85,5,1,0
BRDA:98,6,0,0
BRDA:98,6,1,0
BRF:14
BRH:0
end_of_record
TN:
SF:tetrominos.js
FN:71,(anonymous_0)
FNF:1
FNH:1
FNDA:150,(anonymous_0)
DA:1,4
DA:2,4
DA:4,4
DA:71,4
DA:72,150
DA:74,150
DA:75,150
DA:78,4
LF:8
LH:8
BRF:0
BRH:0
end_of_record
