TN:
SF:Client.js
FN:4,(anonymous_0)
FN:13,(anonymous_1)
FN:17,(anonymous_2)
FN:21,(anonymous_3)
FN:25,(anonymous_4)
FN:29,(anonymous_5)
FN:33,(anonymous_6)
FNF:7
FNH:1
FNDA:1,(anonymous_0)
FNDA:0,(anonymous_1)
FNDA:0,(anonymous_2)
FNDA:0,(anonymous_3)
FNDA:0,(anonymous_4)
FNDA:0,(anonymous_5)
FNDA:0,(anonymous_6)
DA:6,1
DA:7,1
DA:8,1
DA:9,1
DA:10,1
DA:14,0
DA:18,0
DA:22,0
DA:26,0
DA:30,0
DA:34,0
DA:38,1
LF:12
LH:6
BRDA:34,0,0,0
BRDA:34,0,1,0
BRF:2
BRH:0
end_of_record
TN:
SF:Game.js
FN:6,(anonymous_0)
FN:25,(anonymous_1)
FN:30,(anonymous_2)
FN:36,(anonymous_3)
FN:42,(anonymous_4)
FN:43,(anonymous_5)
FN:46,(anonymous_6)
FN:47,(anonymous_7)
FN:60,(anonymous_8)
FN:78,(anonymous_9)
FN:94,(anonymous_10)
FN:96,(anonymous_11)
FN:97,(anonymous_12)
FN:100,(anonymous_13)
FN:101,(anonymous_14)
FN:113,(anonymous_15)
FN:135,(anonymous_16)
FN:143,(anonymous_17)
FN:158,(anonymous_18)
FN:161,(anonymous_19)
FN:162,(anonymous_20)
FN:178,(anonymous_21)
FN:182,(anonymous_22)
FN:183,(anonymous_23)
FN:186,(anonymous_24)
FN:187,(anonymous_25)
FN:205,(anonymous_26)
FN:210,(anonymous_27)
FN:214,(anonymous_28)
FN:216,(anonymous_29)
FN:220,(anonymous_30)
FN:225,(anonymous_31)
FN:231,(anonymous_32)
FN:233,(anonymous_33)
FN:234,(anonymous_34)
FN:237,(anonymous_35)
FN:241,(anonymous_36)
FN:259,(anonymous_37)
FNF:38
FNH:38
FNDA:4,(anonymous_0)
FNDA:1,(anonymous_1)
FNDA:1,(anonymous_2)
FNDA:3,(anonymous_3)
FNDA:12,(anonymous_4)
FNDA:48,(anonymous_5)
FNDA:9,(anonymous_6)
FNDA:27,(anonymous_7)
FNDA:1,(anonymous_8)
FNDA:4,(anonymous_9)
FNDA:3,(anonymous_10)
FNDA:60,(anonymous_11)
FNDA:720,(anonymous_12)
FNDA:9,(anonymous_13)
FNDA:27,(anonymous_14)
FNDA:3,(anonymous_15)
FNDA:2,(anonymous_16)
FNDA:1,(anonymous_17)
FNDA:1,(anonymous_18)
FNDA:20,(anonymous_19)
FNDA:20,(anonymous_20)
FNDA:3,(anonymous_21)
FNDA:60,(anonymous_22)
FNDA:720,(anonymous_23)
FNDA:9,(anonymous_24)
FNDA:27,(anonymous_25)
FNDA:8,(anonymous_26)
FNDA:9,(anonymous_27)
FNDA:16,(anonymous_28)
FNDA:192,(anonymous_29)
FNDA:1,(anonymous_30)
FNDA:1,(anonymous_31)
FNDA:1,(anonymous_32)
FNDA:3,(anonymous_33)
FNDA:9,(anonymous_34)
FNDA:3,(anonymous_35)
FNDA:1,(anonymous_36)
FNDA:2,(anonymous_37)
DA:2,2
DA:8,4
DA:9,4
DA:10,4
DA:11,4
DA:12,4
DA:13,4
DA:14,4
DA:15,4
DA:16,4
DA:17,4
DA:18,4
DA:19,4
DA:20,4
DA:21,4
DA:26,1
DA:32,1
DA:33,1
DA:38,3
DA:39,3
DA:42,3
DA:43,48
DA:46,3
DA:47,9
DA:48,27
DA:49,12
DA:56,3
DA:63,1
DA:64,1
DA:66,0
DA:67,0
DA:70,1
DA:73,1
DA:74,1
DA:75,1
DA:80,4
DA:81,4
DA:82,4
DA:83,4
DA:84,4
DA:85,4
DA:86,4
DA:87,4
DA:88,4
DA:89,4
DA:90,4
DA:91,4
DA:96,3
DA:97,720
DA:100,3
DA:101,9
DA:102,27
DA:103,12
DA:110,3
DA:114,3
DA:115,9
DA:117,27
DA:118,12
DA:128,0
DA:136,2
DA:137,2
DA:138,2
DA:139,2
DA:140,2
DA:145,1
DA:146,1
DA:147,1
DA:149,0
DA:150,0
DA:151,0
DA:153,0
DA:154,0
DA:160,1
DA:161,1
DA:162,20
DA:163,0
DA:164,0
DA:165,0
DA:169,1
DA:170,1
DA:172,1
DA:173,0
DA:175,1
DA:180,3
DA:182,3
DA:183,720
DA:186,3
DA:187,9
DA:188,27
DA:189,12
DA:197,3
DA:198,0
DA:199,0
DA:200,0
DA:202,3
DA:206,8
DA:211,9
DA:216,192
DA:222,1
DA:226,1
DA:227,1
DA:233,1
DA:234,9
DA:237,3
DA:238,0
DA:242,1
DA:243,1
DA:244,1
DA:245,1
DA:246,1
DA:247,0
DA:248,0
DA:249,0
DA:250,0
DA:251,0
DA:252,0
DA:255,1
DA:256,1
DA:261,2
DA:262,2
DA:263,2
DA:264,1
DA:265,1
DA:266,0
DA:267,1
DA:268,0
DA:269,1
DA:270,1
DA:276,2
LF:129
LH:105
BRDA:43,0,0,48
BRDA:43,0,1,0
BRDA:48,1,0,12
BRDA:48,1,1,15
BRDA:51,2,0,0
BRDA:51,2,1,12
BRDA:64,3,0,0
BRDA:64,3,1,1
BRDA:97,4,0,720
BRDA:97,4,1,0
BRDA:102,5,0,12
BRDA:102,5,1,15
BRDA:105,6,0,0
BRDA:105,6,1,12
BRDA:117,7,0,12
BRDA:117,7,1,15
BRDA:118,8,0,0
BRDA:118,8,1,12
BRDA:121,9,0,12
BRDA:121,9,1,12
BRDA:121,9,2,12
BRDA:146,10,0,1
BRDA:146,10,1,0
BRDA:149,11,0,0
BRDA:149,11,1,0
BRDA:162,12,0,0
BRDA:162,12,1,20
BRDA:172,13,0,0
BRDA:172,13,1,1
BRDA:183,14,0,720
BRDA:183,14,1,0
BRDA:188,15,0,12
BRDA:188,15,1,15
BRDA:191,16,0,0
BRDA:191,16,1,12
BRDA:197,17,0,0
BRDA:197,17,1,3
BRDA:226,18,0,1
BRDA:226,18,1,0
BRDA:237,19,0,1
BRDA:237,19,1,0
BRDA:248,20,0,0
BRDA:248,20,1,0
BRDA:249,21,0,0
BRDA:249,21,1,0
BRDA:262,22,0,2
BRDA:262,22,1,0
BRDA:263,23,0,1
BRDA:263,23,1,1
BRDA:265,24,0,0
BRDA:265,24,1,1
BRDA:267,25,0,0
BRDA:267,25,1,1
BRDA:269,26,0,1
BRDA:269,26,1,0
BRF:55
BRH:31
end_of_record
TN:
SF:Room.js
FN:6,(anonymous_0)
FN:15,(anonymous_1)
FN:17,(anonymous_2)
FN:20,(anonymous_3)
FN:28,(anonymous_4)
FN:34,(anonymous_5)
FN:36,(anonymous_6)
FN:37,(anonymous_7)
FN:46,(anonymous_8)
FN:51,(anonymous_9)
FN:57,(anonymous_10)
FN:59,(anonymous_11)
FN:62,(anonymous_12)
FN:69,(anonymous_13)
FN:74,(anonymous_14)
FN:76,(anonymous_15)
FN:77,(anonymous_16)
FN:86,(anonymous_17)
FN:88,(anonymous_18)
FNF:19
FNH:17
FNDA:1,(anonymous_0)
FNDA:1,(anonymous_1)
FNDA:50,(anonymous_2)
FNDA:3,(anonymous_3)
FNDA:1,(anonymous_4)
FNDA:1,(anonymous_5)
FNDA:3,(anonymous_6)
FNDA:3,(anonymous_7)
FNDA:1,(anonymous_8)
FNDA:1,(anonymous_9)
FNDA:0,(anonymous_10)
FNDA:0,(anonymous_11)
FNDA:1,(anonymous_12)
FNDA:3,(anonymous_13)
FNDA:1,(anonymous_14)
FNDA:3,(anonymous_15)
FNDA:3,(anonymous_16)
FNDA:1,(anonymous_17)
FNDA:1,(anonymous_18)
DA:1,2
DA:2,2
DA:8,1
DA:9,1
DA:10,1
DA:11,1
DA:12,1
DA:17,50
DA:22,3
DA:23,3
DA:24,3
DA:25,3
DA:30,1
DA:31,1
DA:36,1
DA:37,3
DA:43,1
DA:48,1
DA:53,1
DA:54,1
DA:59,0
DA:64,1
DA:69,1
DA:70,3
DA:76,1
DA:77,3
DA:80,1
DA:81,3
DA:83,1
DA:88,1
DA:93,2
LF:31
LH:30
BRDA:48,0,0,1
BRDA:48,0,1,0
BRF:2
BRH:1
end_of_record
TN:
SF:helpers.js
FN:3,createId
FN:12,createName
FNF:2
FNH:1
FNDA:0,createId
FNDA:1,createName
DA:1,1
DA:5,0
DA:6,0
DA:7,0
DA:9,0
DA:14,1
DA:22,1
LF:7
LH:3
BRDA:3,0,0,0
BRDA:3,1,0,0
BRF:2
BRH:0
end_of_record
TN:
SF:tetrominos.js
FN:71,(anonymous_0)
FNF:1
FNH:1
FNDA:100,(anonymous_0)
DA:1,2
DA:2,2
DA:4,2
DA:71,2
DA:72,100
DA:74,100
DA:75,100
DA:78,2
LF:8
LH:8
BRF:0
BRH:0
end_of_record
